<?xml version="1.0" encoding="UTF-8"?>
<?totaltestVersion 19.2.1.v20180810-0234_673?>
<!--Topaz for Total Test 19.2.1.v20180810-0234_673 Aug 10, 2018 10:45:54 AM-->
<testsuites>
  <testsuite errors="0" failures="0" name="CWKTDB2X.CWKTDB2X_Scenario.00001: CWKTDB2XCase1" tests="4">
    <testcase classname="CWKTDB2X.CWKTDB2X_Scenario.00001: CWKTDB2XCase1" name="00001: Check for PARM_LTH"/>
    <testcase classname="CWKTDB2X.CWKTDB2X_Scenario.00001: CWKTDB2XCase1" name="00002: Check for PARM_DATA"/>
    <testcase classname="CWKTDB2X.CWKTDB2X_Scenario.00001: CWKTDB2XCase1" name="00003: Check for GRAND_TOTAL"/>
    <testcase classname="CWKTDB2X.CWKTDB2X_Scenario.00001: CWKTDB2XCase1" name="00004: Check for TOTAL_RECORD"/>
  </testsuite>
  <testsuite errors="0" failures="0" name="CWKTDB2X.CWKTDB2X_Scenario.00001: CWKTDB2XCase1.CWKTDB2X_RPTFILE_WRITE_01.00001: RPTFILE assertion" tests="1">
    <testcase classname="CWKTDB2X.CWKTDB2X_Scenario.00001: CWKTDB2XCase1.CWKTDB2X_RPTFILE_WRITE_01.00001: RPTFILE assertion" name="00001: Check for BLANK_LINE"/>
  </testsuite>
  <testsuite errors="0" failures="0" name="CWKTDB2X.CWKTDB2X_Scenario.00001: CWKTDB2XCase1.CWKTDB2X_RPTFILE_WRITE_01.00002: RPTFILE assertion" tests="2">
    <testcase classname="CWKTDB2X.CWKTDB2X_Scenario.00001: CWKTDB2XCase1.CWKTDB2X_RPTFILE_WRITE_01.00002: RPTFILE assertion" name="00001: Check for BLANK_LINE"/>
  </testsuite>
  <testsuite errors="0" failures="0" name="CWKTDB2X.CWKTDB2X_Scenario.00001: CWKTDB2XCase1.CWKTDB2X_RPTFILE_WRITE_01.00003: RPTFILE assertion" tests="3">
    <testcase classname="CWKTDB2X.CWKTDB2X_Scenario.00001: CWKTDB2XCase1.CWKTDB2X_RPTFILE_WRITE_01.00003: RPTFILE assertion" name="00001: Check for BLANK_LINE"/>
  </testsuite>
  <testsuite errors="0" failures="3" name="CWKTDB2X.CWKTDB2X_Scenario.00001: CWKTDB2XCase1.CWKTDB2X_RPTFILE_WRITE_01.00004: RPTFILE assertion" tests="15">
    <testcase classname="CWKTDB2X.CWKTDB2X_Scenario.00001: CWKTDB2XCase1.CWKTDB2X_RPTFILE_WRITE_01.00004: RPTFILE assertion" name="00001: Check for FILLER0"/>
    <testcase classname="CWKTDB2X.CWKTDB2X_Scenario.00001: CWKTDB2XCase1.CWKTDB2X_RPTFILE_WRITE_01.00004: RPTFILE assertion" name="00002: Check for FILLER1"/>
    <testcase classname="CWKTDB2X.CWKTDB2X_Scenario.00001: CWKTDB2XCase1.CWKTDB2X_RPTFILE_WRITE_01.00004: RPTFILE assertion" name="00003: Check for EMP_RUN_MM">
      <failure>Check for EMP_RUN_MM failed

Actual Value:    8

Expected Value:  11</failure>
    </testcase>
    <testcase classname="CWKTDB2X.CWKTDB2X_Scenario.00001: CWKTDB2XCase1.CWKTDB2X_RPTFILE_WRITE_01.00004: RPTFILE assertion" name="00004: Check for FILLER2"/>
    <testcase classname="CWKTDB2X.CWKTDB2X_Scenario.00001: CWKTDB2XCase1.CWKTDB2X_RPTFILE_WRITE_01.00004: RPTFILE assertion" name="00005: Check for EMP_RUN_DD">
      <failure>Check for EMP_RUN_DD failed

Actual Value:    10

Expected Value:  29</failure>
    </testcase>
    <testcase classname="CWKTDB2X.CWKTDB2X_Scenario.00001: CWKTDB2XCase1.CWKTDB2X_RPTFILE_WRITE_01.00004: RPTFILE assertion" name="00006: Check for FILLER3"/>
    <testcase classname="CWKTDB2X.CWKTDB2X_Scenario.00001: CWKTDB2XCase1.CWKTDB2X_RPTFILE_WRITE_01.00004: RPTFILE assertion" name="00007: Check for EMP_RUN_YY">
      <failure>Check for EMP_RUN_YY failed

Actual Value:    18

Expected Value:  17</failure>
    </testcase>
    <testcase classname="CWKTDB2X.CWKTDB2X_Scenario.00001: CWKTDB2XCase1.CWKTDB2X_RPTFILE_WRITE_01.00004: RPTFILE assertion" name="00008: Check for FILLER4"/>
    <testcase classname="CWKTDB2X.CWKTDB2X_Scenario.00001: CWKTDB2XCase1.CWKTDB2X_RPTFILE_WRITE_01.00004: RPTFILE assertion" name="00009: Check for FILLER5"/>
    <testcase classname="CWKTDB2X.CWKTDB2X_Scenario.00001: CWKTDB2XCase1.CWKTDB2X_RPTFILE_WRITE_01.00004: RPTFILE assertion" name="00010: Check for FILLER6"/>
    <testcase classname="CWKTDB2X.CWKTDB2X_Scenario.00001: CWKTDB2XCase1.CWKTDB2X_RPTFILE_WRITE_01.00004: RPTFILE assertion" name="00011: Check for FILLER7"/>
    <testcase classname="CWKTDB2X.CWKTDB2X_Scenario.00001: CWKTDB2XCase1.CWKTDB2X_RPTFILE_WRITE_01.00004: RPTFILE assertion" name="00012: Check for EMP_PAGE"/>
  </testsuite>
  <testsuite errors="0" failures="3" name="CWKTDB2X.CWKTDB2X_Scenario.00001: CWKTDB2XCase1.CWKTDB2X_RPTFILE_WRITE_01.00005: RPTFILE assertion" tests="16">
    <testcase classname="CWKTDB2X.CWKTDB2X_Scenario.00001: CWKTDB2XCase1.CWKTDB2X_RPTFILE_WRITE_01.00005: RPTFILE assertion" name="00001: Check for BLANK_LINE"/>
  </testsuite>
  <testsuite errors="0" failures="3" name="CWKTDB2X.CWKTDB2X_Scenario.00001: CWKTDB2XCase1.CWKTDB2X_RPTFILE_WRITE_01.00006: RPTFILE assertion" tests="17">
    <testcase classname="CWKTDB2X.CWKTDB2X_Scenario.00001: CWKTDB2XCase1.CWKTDB2X_RPTFILE_WRITE_01.00006: RPTFILE assertion" name="00001: Check for BLANK_LINE"/>
  </testsuite>
  <testsuite errors="0" failures="3" name="CWKTDB2X.CWKTDB2X_Scenario.00001: CWKTDB2XCase1.CWKTDB2X_RPTFILE_WRITE_01.00007: RPTFILE assertion" tests="22">
    <testcase classname="CWKTDB2X.CWKTDB2X_Scenario.00001: CWKTDB2XCase1.CWKTDB2X_RPTFILE_WRITE_01.00007: RPTFILE assertion" name="00001: Check for FILLER0"/>
    <testcase classname="CWKTDB2X.CWKTDB2X_Scenario.00001: CWKTDB2XCase1.CWKTDB2X_RPTFILE_WRITE_01.00007: RPTFILE assertion" name="00002: Check for FILLER1"/>
    <testcase classname="CWKTDB2X.CWKTDB2X_Scenario.00001: CWKTDB2XCase1.CWKTDB2X_RPTFILE_WRITE_01.00007: RPTFILE assertion" name="00003: Check for FILLER2"/>
    <testcase classname="CWKTDB2X.CWKTDB2X_Scenario.00001: CWKTDB2XCase1.CWKTDB2X_RPTFILE_WRITE_01.00007: RPTFILE assertion" name="00004: Check for FILLER3"/>
    <testcase classname="CWKTDB2X.CWKTDB2X_Scenario.00001: CWKTDB2XCase1.CWKTDB2X_RPTFILE_WRITE_01.00007: RPTFILE assertion" name="00005: Check for FILLER4"/>
  </testsuite>
  <testsuite errors="0" failures="3" name="CWKTDB2X.CWKTDB2X_Scenario.00001: CWKTDB2XCase1.CWKTDB2X_RPTFILE_WRITE_01.00008: RPTFILE assertion" tests="40">
    <testcase classname="CWKTDB2X.CWKTDB2X_Scenario.00001: CWKTDB2XCase1.CWKTDB2X_RPTFILE_WRITE_01.00008: RPTFILE assertion" name="00001: Check for FILLER0"/>
    <testcase classname="CWKTDB2X.CWKTDB2X_Scenario.00001: CWKTDB2XCase1.CWKTDB2X_RPTFILE_WRITE_01.00008: RPTFILE assertion" name="00002: Check for FILLER1"/>
    <testcase classname="CWKTDB2X.CWKTDB2X_Scenario.00001: CWKTDB2XCase1.CWKTDB2X_RPTFILE_WRITE_01.00008: RPTFILE assertion" name="00003: Check for FILLER2"/>
    <testcase classname="CWKTDB2X.CWKTDB2X_Scenario.00001: CWKTDB2XCase1.CWKTDB2X_RPTFILE_WRITE_01.00008: RPTFILE assertion" name="00004: Check for FILLER3"/>
    <testcase classname="CWKTDB2X.CWKTDB2X_Scenario.00001: CWKTDB2XCase1.CWKTDB2X_RPTFILE_WRITE_01.00008: RPTFILE assertion" name="00005: Check for FILLER4"/>
    <testcase classname="CWKTDB2X.CWKTDB2X_Scenario.00001: CWKTDB2XCase1.CWKTDB2X_RPTFILE_WRITE_01.00008: RPTFILE assertion" name="00006: Check for FILLER5"/>
    <testcase classname="CWKTDB2X.CWKTDB2X_Scenario.00001: CWKTDB2XCase1.CWKTDB2X_RPTFILE_WRITE_01.00008: RPTFILE assertion" name="00007: Check for FILLER6"/>
    <testcase classname="CWKTDB2X.CWKTDB2X_Scenario.00001: CWKTDB2XCase1.CWKTDB2X_RPTFILE_WRITE_01.00008: RPTFILE assertion" name="00008: Check for FILLER7"/>
    <testcase classname="CWKTDB2X.CWKTDB2X_Scenario.00001: CWKTDB2XCase1.CWKTDB2X_RPTFILE_WRITE_01.00008: RPTFILE assertion" name="00009: Check for FILLER8"/>
    <testcase classname="CWKTDB2X.CWKTDB2X_Scenario.00001: CWKTDB2XCase1.CWKTDB2X_RPTFILE_WRITE_01.00008: RPTFILE assertion" name="00010: Check for FILLER9"/>
    <testcase classname="CWKTDB2X.CWKTDB2X_Scenario.00001: CWKTDB2XCase1.CWKTDB2X_RPTFILE_WRITE_01.00008: RPTFILE assertion" name="00011: Check for FILLER10"/>
    <testcase classname="CWKTDB2X.CWKTDB2X_Scenario.00001: CWKTDB2XCase1.CWKTDB2X_RPTFILE_WRITE_01.00008: RPTFILE assertion" name="00012: Check for FILLER11"/>
    <testcase classname="CWKTDB2X.CWKTDB2X_Scenario.00001: CWKTDB2XCase1.CWKTDB2X_RPTFILE_WRITE_01.00008: RPTFILE assertion" name="00013: Check for FILLER12"/>
    <testcase classname="CWKTDB2X.CWKTDB2X_Scenario.00001: CWKTDB2XCase1.CWKTDB2X_RPTFILE_WRITE_01.00008: RPTFILE assertion" name="00014: Check for FILLER13"/>
    <testcase classname="CWKTDB2X.CWKTDB2X_Scenario.00001: CWKTDB2XCase1.CWKTDB2X_RPTFILE_WRITE_01.00008: RPTFILE assertion" name="00015: Check for FILLER14"/>
    <testcase classname="CWKTDB2X.CWKTDB2X_Scenario.00001: CWKTDB2XCase1.CWKTDB2X_RPTFILE_WRITE_01.00008: RPTFILE assertion" name="00016: Check for FILLER15"/>
    <testcase classname="CWKTDB2X.CWKTDB2X_Scenario.00001: CWKTDB2XCase1.CWKTDB2X_RPTFILE_WRITE_01.00008: RPTFILE assertion" name="00017: Check for FILLER16"/>
    <testcase classname="CWKTDB2X.CWKTDB2X_Scenario.00001: CWKTDB2XCase1.CWKTDB2X_RPTFILE_WRITE_01.00008: RPTFILE assertion" name="00018: Check for FILLER17"/>
  </testsuite>
  <testsuite errors="0" failures="3" name="CWKTDB2X.CWKTDB2X_Scenario.00001: CWKTDB2XCase1.CWKTDB2X_RPTFILE_WRITE_01.00009: RPTFILE assertion" tests="41">
    <testcase classname="CWKTDB2X.CWKTDB2X_Scenario.00001: CWKTDB2XCase1.CWKTDB2X_RPTFILE_WRITE_01.00009: RPTFILE assertion" name="00001: Check for BLANK_LINE"/>
  </testsuite>
  <testsuite errors="0" failures="3" name="CWKTDB2X.CWKTDB2X_Scenario.00001: CWKTDB2XCase1.CWKTDB2X_RPTFILE_WRITE_01.00010: RPTFILE assertion" tests="63">
    <testcase classname="CWKTDB2X.CWKTDB2X_Scenario.00001: CWKTDB2XCase1.CWKTDB2X_RPTFILE_WRITE_01.00010: RPTFILE assertion" name="00001: Check for FILLER0"/>
    <testcase classname="CWKTDB2X.CWKTDB2X_Scenario.00001: CWKTDB2XCase1.CWKTDB2X_RPTFILE_WRITE_01.00010: RPTFILE assertion" name="00002: Check for EMP_DTL_NAME"/>
    <testcase classname="CWKTDB2X.CWKTDB2X_Scenario.00001: CWKTDB2XCase1.CWKTDB2X_RPTFILE_WRITE_01.00010: RPTFILE assertion" name="00003: Check for FILLER1"/>
    <testcase classname="CWKTDB2X.CWKTDB2X_Scenario.00001: CWKTDB2XCase1.CWKTDB2X_RPTFILE_WRITE_01.00010: RPTFILE assertion" name="00004: Check for EMP_DTL_REGION"/>
    <testcase classname="CWKTDB2X.CWKTDB2X_Scenario.00001: CWKTDB2XCase1.CWKTDB2X_RPTFILE_WRITE_01.00010: RPTFILE assertion" name="00005: Check for FILLER2"/>
    <testcase classname="CWKTDB2X.CWKTDB2X_Scenario.00001: CWKTDB2XCase1.CWKTDB2X_RPTFILE_WRITE_01.00010: RPTFILE assertion" name="00006: Check for EMP_DTL_TYPE"/>
    <testcase classname="CWKTDB2X.CWKTDB2X_Scenario.00001: CWKTDB2XCase1.CWKTDB2X_RPTFILE_WRITE_01.00010: RPTFILE assertion" name="00007: Check for FILLER3"/>
    <testcase classname="CWKTDB2X.CWKTDB2X_Scenario.00001: CWKTDB2XCase1.CWKTDB2X_RPTFILE_WRITE_01.00010: RPTFILE assertion" name="00008: Check for EMP_DTL_HIRE_MM"/>
    <testcase classname="CWKTDB2X.CWKTDB2X_Scenario.00001: CWKTDB2XCase1.CWKTDB2X_RPTFILE_WRITE_01.00010: RPTFILE assertion" name="00009: Check for EMP_DTL_SLASH1"/>
    <testcase classname="CWKTDB2X.CWKTDB2X_Scenario.00001: CWKTDB2XCase1.CWKTDB2X_RPTFILE_WRITE_01.00010: RPTFILE assertion" name="00010: Check for EMP_DTL_HIRE_DD"/>
    <testcase classname="CWKTDB2X.CWKTDB2X_Scenario.00001: CWKTDB2XCase1.CWKTDB2X_RPTFILE_WRITE_01.00010: RPTFILE assertion" name="00011: Check for EMP_DTL_SLASH2"/>
    <testcase classname="CWKTDB2X.CWKTDB2X_Scenario.00001: CWKTDB2XCase1.CWKTDB2X_RPTFILE_WRITE_01.00010: RPTFILE assertion" name="00012: Check for EMP_DTL_HIRE_YY"/>
    <testcase classname="CWKTDB2X.CWKTDB2X_Scenario.00001: CWKTDB2XCase1.CWKTDB2X_RPTFILE_WRITE_01.00010: RPTFILE assertion" name="00013: Check for FILLER4"/>
    <testcase classname="CWKTDB2X.CWKTDB2X_Scenario.00001: CWKTDB2XCase1.CWKTDB2X_RPTFILE_WRITE_01.00010: RPTFILE assertion" name="00014: Check for EMP_DTL_YRS_OF_SERVICE"/>
    <testcase classname="CWKTDB2X.CWKTDB2X_Scenario.00001: CWKTDB2XCase1.CWKTDB2X_RPTFILE_WRITE_01.00010: RPTFILE assertion" name="00015: Check for FILLER5"/>
    <testcase classname="CWKTDB2X.CWKTDB2X_Scenario.00001: CWKTDB2XCase1.CWKTDB2X_RPTFILE_WRITE_01.00010: RPTFILE assertion" name="00016: Check for EMP_DTL_WAGES"/>
    <testcase classname="CWKTDB2X.CWKTDB2X_Scenario.00001: CWKTDB2XCase1.CWKTDB2X_RPTFILE_WRITE_01.00010: RPTFILE assertion" name="00017: Check for FILLER6"/>
    <testcase classname="CWKTDB2X.CWKTDB2X_Scenario.00001: CWKTDB2XCase1.CWKTDB2X_RPTFILE_WRITE_01.00010: RPTFILE assertion" name="00018: Check for EMP_DTL_OT"/>
    <testcase classname="CWKTDB2X.CWKTDB2X_Scenario.00001: CWKTDB2XCase1.CWKTDB2X_RPTFILE_WRITE_01.00010: RPTFILE assertion" name="00019: Check for FILLER7"/>
    <testcase classname="CWKTDB2X.CWKTDB2X_Scenario.00001: CWKTDB2XCase1.CWKTDB2X_RPTFILE_WRITE_01.00010: RPTFILE assertion" name="00020: Check for EMP_DTL_COMM"/>
    <testcase classname="CWKTDB2X.CWKTDB2X_Scenario.00001: CWKTDB2XCase1.CWKTDB2X_RPTFILE_WRITE_01.00010: RPTFILE assertion" name="00021: Check for FILLER8"/>
    <testcase classname="CWKTDB2X.CWKTDB2X_Scenario.00001: CWKTDB2XCase1.CWKTDB2X_RPTFILE_WRITE_01.00010: RPTFILE assertion" name="00022: Check for EMP_DTL_TOTAL"/>
  </testsuite>
  <testsuite errors="0" failures="4" name="CWKTDB2X.CWKTDB2X_Scenario.00001: CWKTDB2XCase1.CWKTDB2X_RPTFILE_WRITE_01.00011: RPTFILE assertion" tests="85">
    <testcase classname="CWKTDB2X.CWKTDB2X_Scenario.00001: CWKTDB2XCase1.CWKTDB2X_RPTFILE_WRITE_01.00011: RPTFILE assertion" name="00001: Check for FILLER0"/>
    <testcase classname="CWKTDB2X.CWKTDB2X_Scenario.00001: CWKTDB2XCase1.CWKTDB2X_RPTFILE_WRITE_01.00011: RPTFILE assertion" name="00002: Check for EMP_DTL_NAME"/>
    <testcase classname="CWKTDB2X.CWKTDB2X_Scenario.00001: CWKTDB2XCase1.CWKTDB2X_RPTFILE_WRITE_01.00011: RPTFILE assertion" name="00003: Check for FILLER1"/>
    <testcase classname="CWKTDB2X.CWKTDB2X_Scenario.00001: CWKTDB2XCase1.CWKTDB2X_RPTFILE_WRITE_01.00011: RPTFILE assertion" name="00004: Check for EMP_DTL_REGION"/>
    <testcase classname="CWKTDB2X.CWKTDB2X_Scenario.00001: CWKTDB2XCase1.CWKTDB2X_RPTFILE_WRITE_01.00011: RPTFILE assertion" name="00005: Check for FILLER2"/>
    <testcase classname="CWKTDB2X.CWKTDB2X_Scenario.00001: CWKTDB2XCase1.CWKTDB2X_RPTFILE_WRITE_01.00011: RPTFILE assertion" name="00006: Check for EMP_DTL_TYPE"/>
    <testcase classname="CWKTDB2X.CWKTDB2X_Scenario.00001: CWKTDB2XCase1.CWKTDB2X_RPTFILE_WRITE_01.00011: RPTFILE assertion" name="00007: Check for FILLER3"/>
    <testcase classname="CWKTDB2X.CWKTDB2X_Scenario.00001: CWKTDB2XCase1.CWKTDB2X_RPTFILE_WRITE_01.00011: RPTFILE assertion" name="00008: Check for EMP_DTL_HIRE_MM"/>
    <testcase classname="CWKTDB2X.CWKTDB2X_Scenario.00001: CWKTDB2XCase1.CWKTDB2X_RPTFILE_WRITE_01.00011: RPTFILE assertion" name="00009: Check for EMP_DTL_SLASH1"/>
    <testcase classname="CWKTDB2X.CWKTDB2X_Scenario.00001: CWKTDB2XCase1.CWKTDB2X_RPTFILE_WRITE_01.00011: RPTFILE assertion" name="00010: Check for EMP_DTL_HIRE_DD"/>
    <testcase classname="CWKTDB2X.CWKTDB2X_Scenario.00001: CWKTDB2XCase1.CWKTDB2X_RPTFILE_WRITE_01.00011: RPTFILE assertion" name="00011: Check for EMP_DTL_SLASH2"/>
    <testcase classname="CWKTDB2X.CWKTDB2X_Scenario.00001: CWKTDB2XCase1.CWKTDB2X_RPTFILE_WRITE_01.00011: RPTFILE assertion" name="00012: Check for EMP_DTL_HIRE_YY"/>
    <testcase classname="CWKTDB2X.CWKTDB2X_Scenario.00001: CWKTDB2XCase1.CWKTDB2X_RPTFILE_WRITE_01.00011: RPTFILE assertion" name="00013: Check for FILLER4"/>
    <testcase classname="CWKTDB2X.CWKTDB2X_Scenario.00001: CWKTDB2XCase1.CWKTDB2X_RPTFILE_WRITE_01.00011: RPTFILE assertion" name="00014: Check for EMP_DTL_YRS_OF_SERVICE">
      <failure>Check for EMP_DTL_YRS_OF_SERVICE failed

Actual Value:    34

Expected Value:  33</failure>
    </testcase>
    <testcase classname="CWKTDB2X.CWKTDB2X_Scenario.00001: CWKTDB2XCase1.CWKTDB2X_RPTFILE_WRITE_01.00011: RPTFILE assertion" name="00015: Check for FILLER5"/>
    <testcase classname="CWKTDB2X.CWKTDB2X_Scenario.00001: CWKTDB2XCase1.CWKTDB2X_RPTFILE_WRITE_01.00011: RPTFILE assertion" name="00016: Check for EMP_DTL_WAGES"/>
    <testcase classname="CWKTDB2X.CWKTDB2X_Scenario.00001: CWKTDB2XCase1.CWKTDB2X_RPTFILE_WRITE_01.00011: RPTFILE assertion" name="00017: Check for FILLER6"/>
    <testcase classname="CWKTDB2X.CWKTDB2X_Scenario.00001: CWKTDB2XCase1.CWKTDB2X_RPTFILE_WRITE_01.00011: RPTFILE assertion" name="00018: Check for EMP_DTL_OT"/>
    <testcase classname="CWKTDB2X.CWKTDB2X_Scenario.00001: CWKTDB2XCase1.CWKTDB2X_RPTFILE_WRITE_01.00011: RPTFILE assertion" name="00019: Check for FILLER7"/>
    <testcase classname="CWKTDB2X.CWKTDB2X_Scenario.00001: CWKTDB2XCase1.CWKTDB2X_RPTFILE_WRITE_01.00011: RPTFILE assertion" name="00020: Check for EMP_DTL_COMM"/>
    <testcase classname="CWKTDB2X.CWKTDB2X_Scenario.00001: CWKTDB2XCase1.CWKTDB2X_RPTFILE_WRITE_01.00011: RPTFILE assertion" name="00021: Check for FILLER8"/>
    <testcase classname="CWKTDB2X.CWKTDB2X_Scenario.00001: CWKTDB2XCase1.CWKTDB2X_RPTFILE_WRITE_01.00011: RPTFILE assertion" name="00022: Check for EMP_DTL_TOTAL"/>
  </testsuite>
  <testsuite errors="0" failures="4" name="CWKTDB2X.CWKTDB2X_Scenario.00001: CWKTDB2XCase1.CWKTDB2X_RPTFILE_WRITE_01.00012: RPTFILE assertion" tests="107">
    <testcase classname="CWKTDB2X.CWKTDB2X_Scenario.00001: CWKTDB2XCase1.CWKTDB2X_RPTFILE_WRITE_01.00012: RPTFILE assertion" name="00001: Check for FILLER0"/>
    <testcase classname="CWKTDB2X.CWKTDB2X_Scenario.00001: CWKTDB2XCase1.CWKTDB2X_RPTFILE_WRITE_01.00012: RPTFILE assertion" name="00002: Check for EMP_DTL_NAME"/>
    <testcase classname="CWKTDB2X.CWKTDB2X_Scenario.00001: CWKTDB2XCase1.CWKTDB2X_RPTFILE_WRITE_01.00012: RPTFILE assertion" name="00003: Check for FILLER1"/>
    <testcase classname="CWKTDB2X.CWKTDB2X_Scenario.00001: CWKTDB2XCase1.CWKTDB2X_RPTFILE_WRITE_01.00012: RPTFILE assertion" name="00004: Check for EMP_DTL_REGION"/>
    <testcase classname="CWKTDB2X.CWKTDB2X_Scenario.00001: CWKTDB2XCase1.CWKTDB2X_RPTFILE_WRITE_01.00012: RPTFILE assertion" name="00005: Check for FILLER2"/>
    <testcase classname="CWKTDB2X.CWKTDB2X_Scenario.00001: CWKTDB2XCase1.CWKTDB2X_RPTFILE_WRITE_01.00012: RPTFILE assertion" name="00006: Check for EMP_DTL_TYPE"/>
    <testcase classname="CWKTDB2X.CWKTDB2X_Scenario.00001: CWKTDB2XCase1.CWKTDB2X_RPTFILE_WRITE_01.00012: RPTFILE assertion" name="00007: Check for FILLER3"/>
    <testcase classname="CWKTDB2X.CWKTDB2X_Scenario.00001: CWKTDB2XCase1.CWKTDB2X_RPTFILE_WRITE_01.00012: RPTFILE assertion" name="00008: Check for EMP_DTL_HIRE_MM"/>
    <testcase classname="CWKTDB2X.CWKTDB2X_Scenario.00001: CWKTDB2XCase1.CWKTDB2X_RPTFILE_WRITE_01.00012: RPTFILE assertion" name="00009: Check for EMP_DTL_SLASH1"/>
    <testcase classname="CWKTDB2X.CWKTDB2X_Scenario.00001: CWKTDB2XCase1.CWKTDB2X_RPTFILE_WRITE_01.00012: RPTFILE assertion" name="00010: Check for EMP_DTL_HIRE_DD"/>
    <testcase classname="CWKTDB2X.CWKTDB2X_Scenario.00001: CWKTDB2XCase1.CWKTDB2X_RPTFILE_WRITE_01.00012: RPTFILE assertion" name="00011: Check for EMP_DTL_SLASH2"/>
    <testcase classname="CWKTDB2X.CWKTDB2X_Scenario.00001: CWKTDB2XCase1.CWKTDB2X_RPTFILE_WRITE_01.00012: RPTFILE assertion" name="00012: Check for EMP_DTL_HIRE_YY"/>
    <testcase classname="CWKTDB2X.CWKTDB2X_Scenario.00001: CWKTDB2XCase1.CWKTDB2X_RPTFILE_WRITE_01.00012: RPTFILE assertion" name="00013: Check for FILLER4"/>
    <testcase classname="CWKTDB2X.CWKTDB2X_Scenario.00001: CWKTDB2XCase1.CWKTDB2X_RPTFILE_WRITE_01.00012: RPTFILE assertion" name="00014: Check for EMP_DTL_YRS_OF_SERVICE"/>
    <testcase classname="CWKTDB2X.CWKTDB2X_Scenario.00001: CWKTDB2XCase1.CWKTDB2X_RPTFILE_WRITE_01.00012: RPTFILE assertion" name="00015: Check for FILLER5"/>
    <testcase classname="CWKTDB2X.CWKTDB2X_Scenario.00001: CWKTDB2XCase1.CWKTDB2X_RPTFILE_WRITE_01.00012: RPTFILE assertion" name="00016: Check for EMP_DTL_WAGES"/>
    <testcase classname="CWKTDB2X.CWKTDB2X_Scenario.00001: CWKTDB2XCase1.CWKTDB2X_RPTFILE_WRITE_01.00012: RPTFILE assertion" name="00017: Check for FILLER6"/>
    <testcase classname="CWKTDB2X.CWKTDB2X_Scenario.00001: CWKTDB2XCase1.CWKTDB2X_RPTFILE_WRITE_01.00012: RPTFILE assertion" name="00018: Check for EMP_DTL_OT"/>
    <testcase classname="CWKTDB2X.CWKTDB2X_Scenario.00001: CWKTDB2XCase1.CWKTDB2X_RPTFILE_WRITE_01.00012: RPTFILE assertion" name="00019: Check for FILLER7"/>
    <testcase classname="CWKTDB2X.CWKTDB2X_Scenario.00001: CWKTDB2XCase1.CWKTDB2X_RPTFILE_WRITE_01.00012: RPTFILE assertion" name="00020: Check for EMP_DTL_COMM"/>
    <testcase classname="CWKTDB2X.CWKTDB2X_Scenario.00001: CWKTDB2XCase1.CWKTDB2X_RPTFILE_WRITE_01.00012: RPTFILE assertion" name="00021: Check for FILLER8"/>
    <testcase classname="CWKTDB2X.CWKTDB2X_Scenario.00001: CWKTDB2XCase1.CWKTDB2X_RPTFILE_WRITE_01.00012: RPTFILE assertion" name="00022: Check for EMP_DTL_TOTAL"/>
  </testsuite>
  <testsuite errors="0" failures="5" name="CWKTDB2X.CWKTDB2X_Scenario.00001: CWKTDB2XCase1.CWKTDB2X_RPTFILE_WRITE_01.00013: RPTFILE assertion" tests="129">
    <testcase classname="CWKTDB2X.CWKTDB2X_Scenario.00001: CWKTDB2XCase1.CWKTDB2X_RPTFILE_WRITE_01.00013: RPTFILE assertion" name="00001: Check for FILLER0"/>
    <testcase classname="CWKTDB2X.CWKTDB2X_Scenario.00001: CWKTDB2XCase1.CWKTDB2X_RPTFILE_WRITE_01.00013: RPTFILE assertion" name="00002: Check for EMP_DTL_NAME"/>
    <testcase classname="CWKTDB2X.CWKTDB2X_Scenario.00001: CWKTDB2XCase1.CWKTDB2X_RPTFILE_WRITE_01.00013: RPTFILE assertion" name="00003: Check for FILLER1"/>
    <testcase classname="CWKTDB2X.CWKTDB2X_Scenario.00001: CWKTDB2XCase1.CWKTDB2X_RPTFILE_WRITE_01.00013: RPTFILE assertion" name="00004: Check for EMP_DTL_REGION"/>
    <testcase classname="CWKTDB2X.CWKTDB2X_Scenario.00001: CWKTDB2XCase1.CWKTDB2X_RPTFILE_WRITE_01.00013: RPTFILE assertion" name="00005: Check for FILLER2"/>
    <testcase classname="CWKTDB2X.CWKTDB2X_Scenario.00001: CWKTDB2XCase1.CWKTDB2X_RPTFILE_WRITE_01.00013: RPTFILE assertion" name="00006: Check for EMP_DTL_TYPE"/>
    <testcase classname="CWKTDB2X.CWKTDB2X_Scenario.00001: CWKTDB2XCase1.CWKTDB2X_RPTFILE_WRITE_01.00013: RPTFILE assertion" name="00007: Check for FILLER3"/>
    <testcase classname="CWKTDB2X.CWKTDB2X_Scenario.00001: CWKTDB2XCase1.CWKTDB2X_RPTFILE_WRITE_01.00013: RPTFILE assertion" name="00008: Check for EMP_DTL_HIRE_MM"/>
    <testcase classname="CWKTDB2X.CWKTDB2X_Scenario.00001: CWKTDB2XCase1.CWKTDB2X_RPTFILE_WRITE_01.00013: RPTFILE assertion" name="00009: Check for EMP_DTL_SLASH1"/>
    <testcase classname="CWKTDB2X.CWKTDB2X_Scenario.00001: CWKTDB2XCase1.CWKTDB2X_RPTFILE_WRITE_01.00013: RPTFILE assertion" name="00010: Check for EMP_DTL_HIRE_DD"/>
    <testcase classname="CWKTDB2X.CWKTDB2X_Scenario.00001: CWKTDB2XCase1.CWKTDB2X_RPTFILE_WRITE_01.00013: RPTFILE assertion" name="00011: Check for EMP_DTL_SLASH2"/>
    <testcase classname="CWKTDB2X.CWKTDB2X_Scenario.00001: CWKTDB2XCase1.CWKTDB2X_RPTFILE_WRITE_01.00013: RPTFILE assertion" name="00012: Check for EMP_DTL_HIRE_YY"/>
    <testcase classname="CWKTDB2X.CWKTDB2X_Scenario.00001: CWKTDB2XCase1.CWKTDB2X_RPTFILE_WRITE_01.00013: RPTFILE assertion" name="00013: Check for FILLER4"/>
    <testcase classname="CWKTDB2X.CWKTDB2X_Scenario.00001: CWKTDB2XCase1.CWKTDB2X_RPTFILE_WRITE_01.00013: RPTFILE assertion" name="00014: Check for EMP_DTL_YRS_OF_SERVICE">
      <failure>Check for EMP_DTL_YRS_OF_SERVICE failed

Actual Value:    25

Expected Value:  24</failure>
    </testcase>
    <testcase classname="CWKTDB2X.CWKTDB2X_Scenario.00001: CWKTDB2XCase1.CWKTDB2X_RPTFILE_WRITE_01.00013: RPTFILE assertion" name="00015: Check for FILLER5"/>
    <testcase classname="CWKTDB2X.CWKTDB2X_Scenario.00001: CWKTDB2XCase1.CWKTDB2X_RPTFILE_WRITE_01.00013: RPTFILE assertion" name="00016: Check for EMP_DTL_WAGES"/>
    <testcase classname="CWKTDB2X.CWKTDB2X_Scenario.00001: CWKTDB2XCase1.CWKTDB2X_RPTFILE_WRITE_01.00013: RPTFILE assertion" name="00017: Check for FILLER6"/>
    <testcase classname="CWKTDB2X.CWKTDB2X_Scenario.00001: CWKTDB2XCase1.CWKTDB2X_RPTFILE_WRITE_01.00013: RPTFILE assertion" name="00018: Check for EMP_DTL_OT"/>
    <testcase classname="CWKTDB2X.CWKTDB2X_Scenario.00001: CWKTDB2XCase1.CWKTDB2X_RPTFILE_WRITE_01.00013: RPTFILE assertion" name="00019: Check for FILLER7"/>
    <testcase classname="CWKTDB2X.CWKTDB2X_Scenario.00001: CWKTDB2XCase1.CWKTDB2X_RPTFILE_WRITE_01.00013: RPTFILE assertion" name="00020: Check for EMP_DTL_COMM"/>
    <testcase classname="CWKTDB2X.CWKTDB2X_Scenario.00001: CWKTDB2XCase1.CWKTDB2X_RPTFILE_WRITE_01.00013: RPTFILE assertion" name="00021: Check for FILLER8"/>
    <testcase classname="CWKTDB2X.CWKTDB2X_Scenario.00001: CWKTDB2XCase1.CWKTDB2X_RPTFILE_WRITE_01.00013: RPTFILE assertion" name="00022: Check for EMP_DTL_TOTAL"/>
  </testsuite>
  <testsuite errors="0" failures="5" name="CWKTDB2X.CWKTDB2X_Scenario.00001: CWKTDB2XCase1.CWKTDB2X_RPTFILE_WRITE_01.00014: RPTFILE assertion" tests="151">
    <testcase classname="CWKTDB2X.CWKTDB2X_Scenario.00001: CWKTDB2XCase1.CWKTDB2X_RPTFILE_WRITE_01.00014: RPTFILE assertion" name="00001: Check for FILLER0"/>
    <testcase classname="CWKTDB2X.CWKTDB2X_Scenario.00001: CWKTDB2XCase1.CWKTDB2X_RPTFILE_WRITE_01.00014: RPTFILE assertion" name="00002: Check for EMP_DTL_NAME"/>
    <testcase classname="CWKTDB2X.CWKTDB2X_Scenario.00001: CWKTDB2XCase1.CWKTDB2X_RPTFILE_WRITE_01.00014: RPTFILE assertion" name="00003: Check for FILLER1"/>
    <testcase classname="CWKTDB2X.CWKTDB2X_Scenario.00001: CWKTDB2XCase1.CWKTDB2X_RPTFILE_WRITE_01.00014: RPTFILE assertion" name="00004: Check for EMP_DTL_REGION"/>
    <testcase classname="CWKTDB2X.CWKTDB2X_Scenario.00001: CWKTDB2XCase1.CWKTDB2X_RPTFILE_WRITE_01.00014: RPTFILE assertion" name="00005: Check for FILLER2"/>
    <testcase classname="CWKTDB2X.CWKTDB2X_Scenario.00001: CWKTDB2XCase1.CWKTDB2X_RPTFILE_WRITE_01.00014: RPTFILE assertion" name="00006: Check for EMP_DTL_TYPE"/>
    <testcase classname="CWKTDB2X.CWKTDB2X_Scenario.00001: CWKTDB2XCase1.CWKTDB2X_RPTFILE_WRITE_01.00014: RPTFILE assertion" name="00007: Check for FILLER3"/>
    <testcase classname="CWKTDB2X.CWKTDB2X_Scenario.00001: CWKTDB2XCase1.CWKTDB2X_RPTFILE_WRITE_01.00014: RPTFILE assertion" name="00008: Check for EMP_DTL_HIRE_MM"/>
    <testcase classname="CWKTDB2X.CWKTDB2X_Scenario.00001: CWKTDB2XCase1.CWKTDB2X_RPTFILE_WRITE_01.00014: RPTFILE assertion" name="00009: Check for EMP_DTL_SLASH1"/>
    <testcase classname="CWKTDB2X.CWKTDB2X_Scenario.00001: CWKTDB2XCase1.CWKTDB2X_RPTFILE_WRITE_01.00014: RPTFILE assertion" name="00010: Check for EMP_DTL_HIRE_DD"/>
    <testcase classname="CWKTDB2X.CWKTDB2X_Scenario.00001: CWKTDB2XCase1.CWKTDB2X_RPTFILE_WRITE_01.00014: RPTFILE assertion" name="00011: Check for EMP_DTL_SLASH2"/>
    <testcase classname="CWKTDB2X.CWKTDB2X_Scenario.00001: CWKTDB2XCase1.CWKTDB2X_RPTFILE_WRITE_01.00014: RPTFILE assertion" name="00012: Check for EMP_DTL_HIRE_YY"/>
    <testcase classname="CWKTDB2X.CWKTDB2X_Scenario.00001: CWKTDB2XCase1.CWKTDB2X_RPTFILE_WRITE_01.00014: RPTFILE assertion" name="00013: Check for FILLER4"/>
    <testcase classname="CWKTDB2X.CWKTDB2X_Scenario.00001: CWKTDB2XCase1.CWKTDB2X_RPTFILE_WRITE_01.00014: RPTFILE assertion" name="00014: Check for EMP_DTL_YRS_OF_SERVICE"/>
    <testcase classname="CWKTDB2X.CWKTDB2X_Scenario.00001: CWKTDB2XCase1.CWKTDB2X_RPTFILE_WRITE_01.00014: RPTFILE assertion" name="00015: Check for FILLER5"/>
    <testcase classname="CWKTDB2X.CWKTDB2X_Scenario.00001: CWKTDB2XCase1.CWKTDB2X_RPTFILE_WRITE_01.00014: RPTFILE assertion" name="00016: Check for EMP_DTL_WAGES"/>
    <testcase classname="CWKTDB2X.CWKTDB2X_Scenario.00001: CWKTDB2XCase1.CWKTDB2X_RPTFILE_WRITE_01.00014: RPTFILE assertion" name="00017: Check for FILLER6"/>
    <testcase classname="CWKTDB2X.CWKTDB2X_Scenario.00001: CWKTDB2XCase1.CWKTDB2X_RPTFILE_WRITE_01.00014: RPTFILE assertion" name="00018: Check for EMP_DTL_OT"/>
    <testcase classname="CWKTDB2X.CWKTDB2X_Scenario.00001: CWKTDB2XCase1.CWKTDB2X_RPTFILE_WRITE_01.00014: RPTFILE assertion" name="00019: Check for FILLER7"/>
    <testcase classname="CWKTDB2X.CWKTDB2X_Scenario.00001: CWKTDB2XCase1.CWKTDB2X_RPTFILE_WRITE_01.00014: RPTFILE assertion" name="00020: Check for EMP_DTL_COMM"/>
    <testcase classname="CWKTDB2X.CWKTDB2X_Scenario.00001: CWKTDB2XCase1.CWKTDB2X_RPTFILE_WRITE_01.00014: RPTFILE assertion" name="00021: Check for FILLER8"/>
    <testcase classname="CWKTDB2X.CWKTDB2X_Scenario.00001: CWKTDB2XCase1.CWKTDB2X_RPTFILE_WRITE_01.00014: RPTFILE assertion" name="00022: Check for EMP_DTL_TOTAL"/>
  </testsuite>
  <testsuite errors="0" failures="6" name="CWKTDB2X.CWKTDB2X_Scenario.00001: CWKTDB2XCase1.CWKTDB2X_RPTFILE_WRITE_01.00015: RPTFILE assertion" tests="173">
    <testcase classname="CWKTDB2X.CWKTDB2X_Scenario.00001: CWKTDB2XCase1.CWKTDB2X_RPTFILE_WRITE_01.00015: RPTFILE assertion" name="00001: Check for FILLER0"/>
    <testcase classname="CWKTDB2X.CWKTDB2X_Scenario.00001: CWKTDB2XCase1.CWKTDB2X_RPTFILE_WRITE_01.00015: RPTFILE assertion" name="00002: Check for EMP_DTL_NAME"/>
    <testcase classname="CWKTDB2X.CWKTDB2X_Scenario.00001: CWKTDB2XCase1.CWKTDB2X_RPTFILE_WRITE_01.00015: RPTFILE assertion" name="00003: Check for FILLER1"/>
    <testcase classname="CWKTDB2X.CWKTDB2X_Scenario.00001: CWKTDB2XCase1.CWKTDB2X_RPTFILE_WRITE_01.00015: RPTFILE assertion" name="00004: Check for EMP_DTL_REGION"/>
    <testcase classname="CWKTDB2X.CWKTDB2X_Scenario.00001: CWKTDB2XCase1.CWKTDB2X_RPTFILE_WRITE_01.00015: RPTFILE assertion" name="00005: Check for FILLER2"/>
    <testcase classname="CWKTDB2X.CWKTDB2X_Scenario.00001: CWKTDB2XCase1.CWKTDB2X_RPTFILE_WRITE_01.00015: RPTFILE assertion" name="00006: Check for EMP_DTL_TYPE"/>
    <testcase classname="CWKTDB2X.CWKTDB2X_Scenario.00001: CWKTDB2XCase1.CWKTDB2X_RPTFILE_WRITE_01.00015: RPTFILE assertion" name="00007: Check for FILLER3"/>
    <testcase classname="CWKTDB2X.CWKTDB2X_Scenario.00001: CWKTDB2XCase1.CWKTDB2X_RPTFILE_WRITE_01.00015: RPTFILE assertion" name="00008: Check for EMP_DTL_HIRE_MM"/>
    <testcase classname="CWKTDB2X.CWKTDB2X_Scenario.00001: CWKTDB2XCase1.CWKTDB2X_RPTFILE_WRITE_01.00015: RPTFILE assertion" name="00009: Check for EMP_DTL_SLASH1"/>
    <testcase classname="CWKTDB2X.CWKTDB2X_Scenario.00001: CWKTDB2XCase1.CWKTDB2X_RPTFILE_WRITE_01.00015: RPTFILE assertion" name="00010: Check for EMP_DTL_HIRE_DD"/>
    <testcase classname="CWKTDB2X.CWKTDB2X_Scenario.00001: CWKTDB2XCase1.CWKTDB2X_RPTFILE_WRITE_01.00015: RPTFILE assertion" name="00011: Check for EMP_DTL_SLASH2"/>
    <testcase classname="CWKTDB2X.CWKTDB2X_Scenario.00001: CWKTDB2XCase1.CWKTDB2X_RPTFILE_WRITE_01.00015: RPTFILE assertion" name="00012: Check for EMP_DTL_HIRE_YY"/>
    <testcase classname="CWKTDB2X.CWKTDB2X_Scenario.00001: CWKTDB2XCase1.CWKTDB2X_RPTFILE_WRITE_01.00015: RPTFILE assertion" name="00013: Check for FILLER4"/>
    <testcase classname="CWKTDB2X.CWKTDB2X_Scenario.00001: CWKTDB2XCase1.CWKTDB2X_RPTFILE_WRITE_01.00015: RPTFILE assertion" name="00014: Check for EMP_DTL_YRS_OF_SERVICE">
      <failure>Check for EMP_DTL_YRS_OF_SERVICE failed

Actual Value:    31

Expected Value:  30</failure>
    </testcase>
    <testcase classname="CWKTDB2X.CWKTDB2X_Scenario.00001: CWKTDB2XCase1.CWKTDB2X_RPTFILE_WRITE_01.00015: RPTFILE assertion" name="00015: Check for FILLER5"/>
    <testcase classname="CWKTDB2X.CWKTDB2X_Scenario.00001: CWKTDB2XCase1.CWKTDB2X_RPTFILE_WRITE_01.00015: RPTFILE assertion" name="00016: Check for EMP_DTL_WAGES"/>
    <testcase classname="CWKTDB2X.CWKTDB2X_Scenario.00001: CWKTDB2XCase1.CWKTDB2X_RPTFILE_WRITE_01.00015: RPTFILE assertion" name="00017: Check for FILLER6"/>
    <testcase classname="CWKTDB2X.CWKTDB2X_Scenario.00001: CWKTDB2XCase1.CWKTDB2X_RPTFILE_WRITE_01.00015: RPTFILE assertion" name="00018: Check for EMP_DTL_OT"/>
    <testcase classname="CWKTDB2X.CWKTDB2X_Scenario.00001: CWKTDB2XCase1.CWKTDB2X_RPTFILE_WRITE_01.00015: RPTFILE assertion" name="00019: Check for FILLER7"/>
    <testcase classname="CWKTDB2X.CWKTDB2X_Scenario.00001: CWKTDB2XCase1.CWKTDB2X_RPTFILE_WRITE_01.00015: RPTFILE assertion" name="00020: Check for EMP_DTL_COMM"/>
    <testcase classname="CWKTDB2X.CWKTDB2X_Scenario.00001: CWKTDB2XCase1.CWKTDB2X_RPTFILE_WRITE_01.00015: RPTFILE assertion" name="00021: Check for FILLER8"/>
    <testcase classname="CWKTDB2X.CWKTDB2X_Scenario.00001: CWKTDB2XCase1.CWKTDB2X_RPTFILE_WRITE_01.00015: RPTFILE assertion" name="00022: Check for EMP_DTL_TOTAL"/>
  </testsuite>
  <testsuite errors="0" failures="7" name="CWKTDB2X.CWKTDB2X_Scenario.00001: CWKTDB2XCase1.CWKTDB2X_RPTFILE_WRITE_01.00016: RPTFILE assertion" tests="195">
    <testcase classname="CWKTDB2X.CWKTDB2X_Scenario.00001: CWKTDB2XCase1.CWKTDB2X_RPTFILE_WRITE_01.00016: RPTFILE assertion" name="00001: Check for FILLER0"/>
    <testcase classname="CWKTDB2X.CWKTDB2X_Scenario.00001: CWKTDB2XCase1.CWKTDB2X_RPTFILE_WRITE_01.00016: RPTFILE assertion" name="00002: Check for EMP_DTL_NAME"/>
    <testcase classname="CWKTDB2X.CWKTDB2X_Scenario.00001: CWKTDB2XCase1.CWKTDB2X_RPTFILE_WRITE_01.00016: RPTFILE assertion" name="00003: Check for FILLER1"/>
    <testcase classname="CWKTDB2X.CWKTDB2X_Scenario.00001: CWKTDB2XCase1.CWKTDB2X_RPTFILE_WRITE_01.00016: RPTFILE assertion" name="00004: Check for EMP_DTL_REGION"/>
    <testcase classname="CWKTDB2X.CWKTDB2X_Scenario.00001: CWKTDB2XCase1.CWKTDB2X_RPTFILE_WRITE_01.00016: RPTFILE assertion" name="00005: Check for FILLER2"/>
    <testcase classname="CWKTDB2X.CWKTDB2X_Scenario.00001: CWKTDB2XCase1.CWKTDB2X_RPTFILE_WRITE_01.00016: RPTFILE assertion" name="00006: Check for EMP_DTL_TYPE"/>
    <testcase classname="CWKTDB2X.CWKTDB2X_Scenario.00001: CWKTDB2XCase1.CWKTDB2X_RPTFILE_WRITE_01.00016: RPTFILE assertion" name="00007: Check for FILLER3"/>
    <testcase classname="CWKTDB2X.CWKTDB2X_Scenario.00001: CWKTDB2XCase1.CWKTDB2X_RPTFILE_WRITE_01.00016: RPTFILE assertion" name="00008: Check for EMP_DTL_HIRE_MM"/>
    <testcase classname="CWKTDB2X.CWKTDB2X_Scenario.00001: CWKTDB2XCase1.CWKTDB2X_RPTFILE_WRITE_01.00016: RPTFILE assertion" name="00009: Check for EMP_DTL_SLASH1"/>
    <testcase classname="CWKTDB2X.CWKTDB2X_Scenario.00001: CWKTDB2XCase1.CWKTDB2X_RPTFILE_WRITE_01.00016: RPTFILE assertion" name="00010: Check for EMP_DTL_HIRE_DD"/>
    <testcase classname="CWKTDB2X.CWKTDB2X_Scenario.00001: CWKTDB2XCase1.CWKTDB2X_RPTFILE_WRITE_01.00016: RPTFILE assertion" name="00011: Check for EMP_DTL_SLASH2"/>
    <testcase classname="CWKTDB2X.CWKTDB2X_Scenario.00001: CWKTDB2XCase1.CWKTDB2X_RPTFILE_WRITE_01.00016: RPTFILE assertion" name="00012: Check for EMP_DTL_HIRE_YY"/>
    <testcase classname="CWKTDB2X.CWKTDB2X_Scenario.00001: CWKTDB2XCase1.CWKTDB2X_RPTFILE_WRITE_01.00016: RPTFILE assertion" name="00013: Check for FILLER4"/>
    <testcase classname="CWKTDB2X.CWKTDB2X_Scenario.00001: CWKTDB2XCase1.CWKTDB2X_RPTFILE_WRITE_01.00016: RPTFILE assertion" name="00014: Check for EMP_DTL_YRS_OF_SERVICE">
      <failure>Check for EMP_DTL_YRS_OF_SERVICE failed

Actual Value:    32

Expected Value:  31</failure>
    </testcase>
    <testcase classname="CWKTDB2X.CWKTDB2X_Scenario.00001: CWKTDB2XCase1.CWKTDB2X_RPTFILE_WRITE_01.00016: RPTFILE assertion" name="00015: Check for FILLER5"/>
    <testcase classname="CWKTDB2X.CWKTDB2X_Scenario.00001: CWKTDB2XCase1.CWKTDB2X_RPTFILE_WRITE_01.00016: RPTFILE assertion" name="00016: Check for EMP_DTL_WAGES"/>
    <testcase classname="CWKTDB2X.CWKTDB2X_Scenario.00001: CWKTDB2XCase1.CWKTDB2X_RPTFILE_WRITE_01.00016: RPTFILE assertion" name="00017: Check for FILLER6"/>
    <testcase classname="CWKTDB2X.CWKTDB2X_Scenario.00001: CWKTDB2XCase1.CWKTDB2X_RPTFILE_WRITE_01.00016: RPTFILE assertion" name="00018: Check for EMP_DTL_OT"/>
    <testcase classname="CWKTDB2X.CWKTDB2X_Scenario.00001: CWKTDB2XCase1.CWKTDB2X_RPTFILE_WRITE_01.00016: RPTFILE assertion" name="00019: Check for FILLER7"/>
    <testcase classname="CWKTDB2X.CWKTDB2X_Scenario.00001: CWKTDB2XCase1.CWKTDB2X_RPTFILE_WRITE_01.00016: RPTFILE assertion" name="00020: Check for EMP_DTL_COMM"/>
    <testcase classname="CWKTDB2X.CWKTDB2X_Scenario.00001: CWKTDB2XCase1.CWKTDB2X_RPTFILE_WRITE_01.00016: RPTFILE assertion" name="00021: Check for FILLER8"/>
    <testcase classname="CWKTDB2X.CWKTDB2X_Scenario.00001: CWKTDB2XCase1.CWKTDB2X_RPTFILE_WRITE_01.00016: RPTFILE assertion" name="00022: Check for EMP_DTL_TOTAL"/>
  </testsuite>
  <testsuite errors="0" failures="7" name="CWKTDB2X.CWKTDB2X_Scenario.00001: CWKTDB2XCase1.CWKTDB2X_RPTFILE_WRITE_01.00017: RPTFILE assertion" tests="196">
    <testcase classname="CWKTDB2X.CWKTDB2X_Scenario.00001: CWKTDB2XCase1.CWKTDB2X_RPTFILE_WRITE_01.00017: RPTFILE assertion" name="00001: Check for BLANK_LINE"/>
  </testsuite>
  <testsuite errors="0" failures="7" name="CWKTDB2X.CWKTDB2X_Scenario.00001: CWKTDB2XCase1.CWKTDB2X_RPTFILE_WRITE_01.00018: RPTFILE assertion" tests="200">
    <testcase classname="CWKTDB2X.CWKTDB2X_Scenario.00001: CWKTDB2XCase1.CWKTDB2X_RPTFILE_WRITE_01.00018: RPTFILE assertion" name="00001: Check for FILLER0"/>
    <testcase classname="CWKTDB2X.CWKTDB2X_Scenario.00001: CWKTDB2XCase1.CWKTDB2X_RPTFILE_WRITE_01.00018: RPTFILE assertion" name="00002: Check for FILLER1"/>
    <testcase classname="CWKTDB2X.CWKTDB2X_Scenario.00001: CWKTDB2XCase1.CWKTDB2X_RPTFILE_WRITE_01.00018: RPTFILE assertion" name="00003: Check for FILLER2"/>
    <testcase classname="CWKTDB2X.CWKTDB2X_Scenario.00001: CWKTDB2XCase1.CWKTDB2X_RPTFILE_WRITE_01.00018: RPTFILE assertion" name="00004: Check for EMP_GRAND_TOTAL"/>
  </testsuite>
  <testsuite errors="0" failures="0" name="CWKTDB2X.CWKTDB2X_Scenario.00001: CWKTDB2XCase1.CWKTDB2X_EMPLOYEE_CURSOR_SQL_01.00001: Open assertion" tests="0">
    <testcase classname="CWKTDB2X.CWKTDB2X_Scenario.00001: CWKTDB2XCase1.CWKTDB2X_EMPLOYEE_CURSOR_SQL_01.00001: Open assertion" name="Open"/>
  </testsuite>
  <testsuite errors="0" failures="0" name="CWKTDB2X.CWKTDB2X_Scenario.00001: CWKTDB2XCase1.CWKTDB2X_EMPLOYEE_CURSOR_SQL_01.00002: Fetch assertion" tests="0">
    <testcase classname="CWKTDB2X.CWKTDB2X_Scenario.00001: CWKTDB2XCase1.CWKTDB2X_EMPLOYEE_CURSOR_SQL_01.00002: Fetch assertion" name="Fetch"/>
  </testsuite>
  <testsuite errors="0" failures="0" name="CWKTDB2X.CWKTDB2X_Scenario.00001: CWKTDB2XCase1.CWKTDB2X_EMPLOYEE_CURSOR_SQL_01.00003: Update assertion" tests="0">
    <testcase classname="CWKTDB2X.CWKTDB2X_Scenario.00001: CWKTDB2XCase1.CWKTDB2X_EMPLOYEE_CURSOR_SQL_01.00003: Update assertion" name="Update"/>
  </testsuite>
  <testsuite errors="0" failures="0" name="CWKTDB2X.CWKTDB2X_Scenario.00001: CWKTDB2XCase1.CWKTDB2X_EMPLOYEE_CURSOR_SQL_01.00004: Close assertion" tests="0">
    <testcase classname="CWKTDB2X.CWKTDB2X_Scenario.00001: CWKTDB2XCase1.CWKTDB2X_EMPLOYEE_CURSOR_SQL_01.00004: Close assertion" name="Close"/>
  </testsuite>
  <testsuite errors="0" failures="0" name="CWKTDB2X.CWKTDB2X_Scenario.00001: CWKTDB2XCase1.CWKTDB2X_EMPLOYEE_CURSOR_SQL_01.00005: Open assertion" tests="0">
    <testcase classname="CWKTDB2X.CWKTDB2X_Scenario.00001: CWKTDB2XCase1.CWKTDB2X_EMPLOYEE_CURSOR_SQL_01.00005: Open assertion" name="Open"/>
  </testsuite>
  <testsuite errors="0" failures="0" name="CWKTDB2X.CWKTDB2X_Scenario.00001: CWKTDB2XCase1.CWKTDB2X_EMPLOYEE_CURSOR_SQL_01.00006: Fetch assertion" tests="0">
    <testcase classname="CWKTDB2X.CWKTDB2X_Scenario.00001: CWKTDB2XCase1.CWKTDB2X_EMPLOYEE_CURSOR_SQL_01.00006: Fetch assertion" name="Fetch"/>
  </testsuite>
  <testsuite errors="0" failures="0" name="CWKTDB2X.CWKTDB2X_Scenario.00001: CWKTDB2XCase1.CWKTDB2X_EMPLOYEE_CURSOR_SQL_01.00007: Update assertion" tests="0">
    <testcase classname="CWKTDB2X.CWKTDB2X_Scenario.00001: CWKTDB2XCase1.CWKTDB2X_EMPLOYEE_CURSOR_SQL_01.00007: Update assertion" name="Update"/>
  </testsuite>
  <testsuite errors="0" failures="0" name="CWKTDB2X.CWKTDB2X_Scenario.00001: CWKTDB2XCase1.CWKTDB2X_EMPLOYEE_CURSOR_SQL_01.00008: Close assertion" tests="0">
    <testcase classname="CWKTDB2X.CWKTDB2X_Scenario.00001: CWKTDB2XCase1.CWKTDB2X_EMPLOYEE_CURSOR_SQL_01.00008: Close assertion" name="Close"/>
  </testsuite>
  <testsuite errors="0" failures="0" name="CWKTDB2X.CWKTDB2X_Scenario.00001: CWKTDB2XCase1.CWKTDB2X_EMPLOYEE_CURSOR_SQL_01.00009: Open assertion" tests="0">
    <testcase classname="CWKTDB2X.CWKTDB2X_Scenario.00001: CWKTDB2XCase1.CWKTDB2X_EMPLOYEE_CURSOR_SQL_01.00009: Open assertion" name="Open"/>
  </testsuite>
  <testsuite errors="0" failures="0" name="CWKTDB2X.CWKTDB2X_Scenario.00001: CWKTDB2XCase1.CWKTDB2X_EMPLOYEE_CURSOR_SQL_01.00010: Fetch assertion" tests="0">
    <testcase classname="CWKTDB2X.CWKTDB2X_Scenario.00001: CWKTDB2XCase1.CWKTDB2X_EMPLOYEE_CURSOR_SQL_01.00010: Fetch assertion" name="Fetch"/>
  </testsuite>
  <testsuite errors="0" failures="0" name="CWKTDB2X.CWKTDB2X_Scenario.00001: CWKTDB2XCase1.CWKTDB2X_EMPLOYEE_CURSOR_SQL_01.00011: Update assertion" tests="0">
    <testcase classname="CWKTDB2X.CWKTDB2X_Scenario.00001: CWKTDB2XCase1.CWKTDB2X_EMPLOYEE_CURSOR_SQL_01.00011: Update assertion" name="Update"/>
  </testsuite>
  <testsuite errors="0" failures="0" name="CWKTDB2X.CWKTDB2X_Scenario.00001: CWKTDB2XCase1.CWKTDB2X_EMPLOYEE_CURSOR_SQL_01.00012: Close assertion" tests="0">
    <testcase classname="CWKTDB2X.CWKTDB2X_Scenario.00001: CWKTDB2XCase1.CWKTDB2X_EMPLOYEE_CURSOR_SQL_01.00012: Close assertion" name="Close"/>
  </testsuite>
  <testsuite errors="0" failures="0" name="CWKTDB2X.CWKTDB2X_Scenario.00001: CWKTDB2XCase1.CWKTDB2X_EMPLOYEE_CURSOR_SQL_01.00013: Open assertion" tests="0">
    <testcase classname="CWKTDB2X.CWKTDB2X_Scenario.00001: CWKTDB2XCase1.CWKTDB2X_EMPLOYEE_CURSOR_SQL_01.00013: Open assertion" name="Open"/>
  </testsuite>
  <testsuite errors="0" failures="0" name="CWKTDB2X.CWKTDB2X_Scenario.00001: CWKTDB2XCase1.CWKTDB2X_EMPLOYEE_CURSOR_SQL_01.00014: Fetch assertion" tests="0">
    <testcase classname="CWKTDB2X.CWKTDB2X_Scenario.00001: CWKTDB2XCase1.CWKTDB2X_EMPLOYEE_CURSOR_SQL_01.00014: Fetch assertion" name="Fetch"/>
  </testsuite>
  <testsuite errors="0" failures="0" name="CWKTDB2X.CWKTDB2X_Scenario.00001: CWKTDB2XCase1.CWKTDB2X_EMPLOYEE_CURSOR_SQL_01.00015: Update assertion" tests="0">
    <testcase classname="CWKTDB2X.CWKTDB2X_Scenario.00001: CWKTDB2XCase1.CWKTDB2X_EMPLOYEE_CURSOR_SQL_01.00015: Update assertion" name="Update"/>
  </testsuite>
  <testsuite errors="0" failures="0" name="CWKTDB2X.CWKTDB2X_Scenario.00001: CWKTDB2XCase1.CWKTDB2X_EMPLOYEE_CURSOR_SQL_01.00016: Close assertion" tests="0">
    <testcase classname="CWKTDB2X.CWKTDB2X_Scenario.00001: CWKTDB2XCase1.CWKTDB2X_EMPLOYEE_CURSOR_SQL_01.00016: Close assertion" name="Close"/>
  </testsuite>
  <testsuite errors="0" failures="0" name="CWKTDB2X.CWKTDB2X_Scenario.00001: CWKTDB2XCase1.CWKTDB2X_EMPLOYEE_CURSOR_SQL_01.00017: Open assertion" tests="0">
    <testcase classname="CWKTDB2X.CWKTDB2X_Scenario.00001: CWKTDB2XCase1.CWKTDB2X_EMPLOYEE_CURSOR_SQL_01.00017: Open assertion" name="Open"/>
  </testsuite>
  <testsuite errors="0" failures="0" name="CWKTDB2X.CWKTDB2X_Scenario.00001: CWKTDB2XCase1.CWKTDB2X_EMPLOYEE_CURSOR_SQL_01.00018: Fetch assertion" tests="0">
    <testcase classname="CWKTDB2X.CWKTDB2X_Scenario.00001: CWKTDB2XCase1.CWKTDB2X_EMPLOYEE_CURSOR_SQL_01.00018: Fetch assertion" name="Fetch"/>
  </testsuite>
  <testsuite errors="0" failures="0" name="CWKTDB2X.CWKTDB2X_Scenario.00001: CWKTDB2XCase1.CWKTDB2X_EMPLOYEE_CURSOR_SQL_01.00019: Update assertion" tests="0">
    <testcase classname="CWKTDB2X.CWKTDB2X_Scenario.00001: CWKTDB2XCase1.CWKTDB2X_EMPLOYEE_CURSOR_SQL_01.00019: Update assertion" name="Update"/>
  </testsuite>
  <testsuite errors="0" failures="0" name="CWKTDB2X.CWKTDB2X_Scenario.00001: CWKTDB2XCase1.CWKTDB2X_EMPLOYEE_CURSOR_SQL_01.00020: Close assertion" tests="0">
    <testcase classname="CWKTDB2X.CWKTDB2X_Scenario.00001: CWKTDB2XCase1.CWKTDB2X_EMPLOYEE_CURSOR_SQL_01.00020: Close assertion" name="Close"/>
  </testsuite>
  <testsuite errors="0" failures="0" name="CWKTDB2X.CWKTDB2X_Scenario.00001: CWKTDB2XCase1.CWKTDB2X_EMPLOYEE_CURSOR_SQL_01.00021: Open assertion" tests="0">
    <testcase classname="CWKTDB2X.CWKTDB2X_Scenario.00001: CWKTDB2XCase1.CWKTDB2X_EMPLOYEE_CURSOR_SQL_01.00021: Open assertion" name="Open"/>
  </testsuite>
  <testsuite errors="0" failures="0" name="CWKTDB2X.CWKTDB2X_Scenario.00001: CWKTDB2XCase1.CWKTDB2X_EMPLOYEE_CURSOR_SQL_01.00022: Fetch assertion" tests="0">
    <testcase classname="CWKTDB2X.CWKTDB2X_Scenario.00001: CWKTDB2XCase1.CWKTDB2X_EMPLOYEE_CURSOR_SQL_01.00022: Fetch assertion" name="Fetch"/>
  </testsuite>
  <testsuite errors="0" failures="0" name="CWKTDB2X.CWKTDB2X_Scenario.00001: CWKTDB2XCase1.CWKTDB2X_EMPLOYEE_CURSOR_SQL_01.00023: Update assertion" tests="0">
    <testcase classname="CWKTDB2X.CWKTDB2X_Scenario.00001: CWKTDB2XCase1.CWKTDB2X_EMPLOYEE_CURSOR_SQL_01.00023: Update assertion" name="Update"/>
  </testsuite>
  <testsuite errors="0" failures="0" name="CWKTDB2X.CWKTDB2X_Scenario.00001: CWKTDB2XCase1.CWKTDB2X_EMPLOYEE_CURSOR_SQL_01.00024: Close assertion" tests="0">
    <testcase classname="CWKTDB2X.CWKTDB2X_Scenario.00001: CWKTDB2XCase1.CWKTDB2X_EMPLOYEE_CURSOR_SQL_01.00024: Close assertion" name="Close"/>
  </testsuite>
  <testsuite errors="0" failures="0" name="CWKTDB2X.CWKTDB2X_Scenario.00001: CWKTDB2XCase1.CWKTDB2X_EMPLOYEE_CURSOR_SQL_01.00025: Open assertion" tests="0">
    <testcase classname="CWKTDB2X.CWKTDB2X_Scenario.00001: CWKTDB2XCase1.CWKTDB2X_EMPLOYEE_CURSOR_SQL_01.00025: Open assertion" name="Open"/>
  </testsuite>
  <testsuite errors="0" failures="0" name="CWKTDB2X.CWKTDB2X_Scenario.00001: CWKTDB2XCase1.CWKTDB2X_EMPLOYEE_CURSOR_SQL_01.00026: Fetch assertion" tests="0">
    <testcase classname="CWKTDB2X.CWKTDB2X_Scenario.00001: CWKTDB2XCase1.CWKTDB2X_EMPLOYEE_CURSOR_SQL_01.00026: Fetch assertion" name="Fetch"/>
  </testsuite>
  <testsuite errors="0" failures="0" name="CWKTDB2X.CWKTDB2X_Scenario.00001: CWKTDB2XCase1.CWKTDB2X_EMPLOYEE_CURSOR_SQL_01.00027: Close assertion" tests="0">
    <testcase classname="CWKTDB2X.CWKTDB2X_Scenario.00001: CWKTDB2XCase1.CWKTDB2X_EMPLOYEE_CURSOR_SQL_01.00027: Close assertion" name="Close"/>
  </testsuite>
  <testsuite errors="0" failures="0" name="CWKTDB2X.CWKTDB2X_Scenario.00001: CWKTDB2XCase1.CWKTDB2X_EMPLOYEE_CURSOR_SQL_01.00028: Open assertion" tests="0">
    <testcase classname="CWKTDB2X.CWKTDB2X_Scenario.00001: CWKTDB2XCase1.CWKTDB2X_EMPLOYEE_CURSOR_SQL_01.00028: Open assertion" name="Open"/>
  </testsuite>
  <testsuite errors="0" failures="0" name="CWKTDB2X.CWKTDB2X_Scenario.00001: CWKTDB2XCase1.CWKTDB2X_EMPLOYEE_CURSOR_SQL_01.00029: Fetch assertion" tests="0">
    <testcase classname="CWKTDB2X.CWKTDB2X_Scenario.00001: CWKTDB2XCase1.CWKTDB2X_EMPLOYEE_CURSOR_SQL_01.00029: Fetch assertion" name="Fetch"/>
  </testsuite>
  <testsuite errors="0" failures="0" name="CWKTDB2X.CWKTDB2X_Scenario.00001: CWKTDB2XCase1.CWKTDB2X_EMPLOYEE_CURSOR_SQL_01.00030: Delete assertion" tests="0">
    <testcase classname="CWKTDB2X.CWKTDB2X_Scenario.00001: CWKTDB2XCase1.CWKTDB2X_EMPLOYEE_CURSOR_SQL_01.00030: Delete assertion" name="Delete"/>
  </testsuite>
  <testsuite errors="0" failures="0" name="CWKTDB2X.CWKTDB2X_Scenario.00001: CWKTDB2XCase1.CWKTDB2X_EMPLOYEE_CURSOR_SQL_01.00031: Close assertion" tests="0">
    <testcase classname="CWKTDB2X.CWKTDB2X_Scenario.00001: CWKTDB2XCase1.CWKTDB2X_EMPLOYEE_CURSOR_SQL_01.00031: Close assertion" name="Close"/>
  </testsuite>
  <testsuite errors="0" failures="0" name="CWKTDB2X.CWKTDB2X_Scenario.00001: CWKTDB2XCase1.CWKTDB2X_Update_1_SQL_01.00001: Update assertion" tests="0">
    <testcase classname="CWKTDB2X.CWKTDB2X_Scenario.00001: CWKTDB2XCase1.CWKTDB2X_Update_1_SQL_01.00001: Update assertion" name="Update"/>
  </testsuite>
  <testsuite errors="0" failures="0" name="CWKTDB2X.CWKTDB2X_Scenario.00001: CWKTDB2XCase1.CWKTDB2X_Insert_1_SQL_01.00001: Insert assertion" tests="0">
    <testcase classname="CWKTDB2X.CWKTDB2X_Scenario.00001: CWKTDB2XCase1.CWKTDB2X_Insert_1_SQL_01.00001: Insert assertion" name="Insert"/>
  </testsuite>
  <testsuite errors="0" failures="0" name="CWKTDB2X.CWKTDB2X_Scenario.00001: CWKTDB2XCase1.CWKTDB2X_Select_1_SQL_01.00001: Select assertion" tests="0">
    <testcase classname="CWKTDB2X.CWKTDB2X_Scenario.00001: CWKTDB2XCase1.CWKTDB2X_Select_1_SQL_01.00001: Select assertion" name="Select"/>
  </testsuite>
  <testsuite errors="0" failures="0" name="CWKTDB2X.CWKTDB2X_Scenario.00001: CWKTDB2XCase1.CWKTDB2X_ROLLBACK_1_SQL_01.00001: ROLLBACK assertion" tests="0">
    <testcase classname="CWKTDB2X.CWKTDB2X_Scenario.00001: CWKTDB2XCase1.CWKTDB2X_ROLLBACK_1_SQL_01.00001: ROLLBACK assertion" name="ROLLBACK"/>
  </testsuite>
</testsuites>