<?xml version="1.0" encoding="UTF-8"?>
<?totaltestVersion 19.2.1.v20180814-0235_677?>
<!--Topaz for Total Test 19.2.1.v20180814-0235_677 Aug 14, 2018 9:37:20 AM-->
<testsuites>
  <testsuite errors="0" failures="0" name="ccLaunchTest.CWKTVSKS_Scenario.00001: CWKTVSKSCase1" tests="4">
    <testcase classname="ccLaunchTest.CWKTVSKS_Scenario.00001: CWKTVSKSCase1" name="00001: Check for PARM_LTH"/>
    <testcase classname="ccLaunchTest.CWKTVSKS_Scenario.00001: CWKTVSKSCase1" name="00002: Check for PARM_DATA"/>
    <testcase classname="ccLaunchTest.CWKTVSKS_Scenario.00001: CWKTVSKSCase1" name="00003: Check for GRAND_TOTAL"/>
    <testcase classname="ccLaunchTest.CWKTVSKS_Scenario.00001: CWKTVSKSCase1" name="00004: Check for TOTAL_RECORD"/>
  </testsuite>
  <testsuite errors="0" failures="0" name="ccLaunchTest.CWKTVSKS_Scenario.00001: CWKTVSKSCase1.CWKTVSKS_RPTFILE_WRITE_01.00001: RPTFILE assertion" tests="0">
    <testcase classname="ccLaunchTest.CWKTVSKS_Scenario.00001: CWKTVSKSCase1.CWKTVSKS_RPTFILE_WRITE_01.00001: RPTFILE assertion" name="RPTFILE"/>
  </testsuite>
  <testsuite errors="0" failures="0" name="ccLaunchTest.CWKTVSKS_Scenario.00001: CWKTVSKSCase1.CWKTVSKS_RPTFILE_WRITE_01.00002: RPTFILE assertion" tests="0">
    <testcase classname="ccLaunchTest.CWKTVSKS_Scenario.00001: CWKTVSKSCase1.CWKTVSKS_RPTFILE_WRITE_01.00002: RPTFILE assertion" name="RPTFILE"/>
  </testsuite>
  <testsuite errors="0" failures="0" name="ccLaunchTest.CWKTVSKS_Scenario.00001: CWKTVSKSCase1.CWKTVSKS_RPTFILE_WRITE_01.00003: RPTFILE assertion" tests="0">
    <testcase classname="ccLaunchTest.CWKTVSKS_Scenario.00001: CWKTVSKSCase1.CWKTVSKS_RPTFILE_WRITE_01.00003: RPTFILE assertion" name="RPTFILE"/>
  </testsuite>
  <testsuite errors="0" failures="3" name="ccLaunchTest.CWKTVSKS_Scenario.00001: CWKTVSKSCase1.CWKTVSKS_RPTFILE_WRITE_01.00004: RPTFILE assertion" tests="9">
    <testcase classname="ccLaunchTest.CWKTVSKS_Scenario.00001: CWKTVSKSCase1.CWKTVSKS_RPTFILE_WRITE_01.00004: RPTFILE assertion" name="00001: Check for FILLER1"/>
    <testcase classname="ccLaunchTest.CWKTVSKS_Scenario.00001: CWKTVSKSCase1.CWKTVSKS_RPTFILE_WRITE_01.00004: RPTFILE assertion" name="00002: Check for EMP_RUN_MM">
      <failure>Check for EMP_RUN_MM failed

Actual Value:    8

Expected Value:  11</failure>
    </testcase>
    <testcase classname="ccLaunchTest.CWKTVSKS_Scenario.00001: CWKTVSKSCase1.CWKTVSKS_RPTFILE_WRITE_01.00004: RPTFILE assertion" name="00003: Check for FILLER2"/>
    <testcase classname="ccLaunchTest.CWKTVSKS_Scenario.00001: CWKTVSKSCase1.CWKTVSKS_RPTFILE_WRITE_01.00004: RPTFILE assertion" name="00004: Check for EMP_RUN_DD">
      <failure>Check for EMP_RUN_DD failed

Actual Value:    14

Expected Value:  8</failure>
    </testcase>
    <testcase classname="ccLaunchTest.CWKTVSKS_Scenario.00001: CWKTVSKSCase1.CWKTVSKS_RPTFILE_WRITE_01.00004: RPTFILE assertion" name="00005: Check for FILLER3"/>
    <testcase classname="ccLaunchTest.CWKTVSKS_Scenario.00001: CWKTVSKSCase1.CWKTVSKS_RPTFILE_WRITE_01.00004: RPTFILE assertion" name="00006: Check for EMP_RUN_YY">
      <failure>Check for EMP_RUN_YY failed

Actual Value:    18

Expected Value:  17</failure>
    </testcase>
    <testcase classname="ccLaunchTest.CWKTVSKS_Scenario.00001: CWKTVSKSCase1.CWKTVSKS_RPTFILE_WRITE_01.00004: RPTFILE assertion" name="00007: Check for FILLER5"/>
    <testcase classname="ccLaunchTest.CWKTVSKS_Scenario.00001: CWKTVSKSCase1.CWKTVSKS_RPTFILE_WRITE_01.00004: RPTFILE assertion" name="00008: Check for FILLER7"/>
    <testcase classname="ccLaunchTest.CWKTVSKS_Scenario.00001: CWKTVSKSCase1.CWKTVSKS_RPTFILE_WRITE_01.00004: RPTFILE assertion" name="00009: Check for EMP_PAGE"/>
  </testsuite>
  <testsuite errors="0" failures="3" name="ccLaunchTest.CWKTVSKS_Scenario.00001: CWKTVSKSCase1.CWKTVSKS_RPTFILE_WRITE_01.00005: RPTFILE assertion" tests="9">
    <testcase classname="ccLaunchTest.CWKTVSKS_Scenario.00001: CWKTVSKSCase1.CWKTVSKS_RPTFILE_WRITE_01.00005: RPTFILE assertion" name="RPTFILE"/>
  </testsuite>
  <testsuite errors="0" failures="3" name="ccLaunchTest.CWKTVSKS_Scenario.00001: CWKTVSKSCase1.CWKTVSKS_RPTFILE_WRITE_01.00006: RPTFILE assertion" tests="9">
    <testcase classname="ccLaunchTest.CWKTVSKS_Scenario.00001: CWKTVSKSCase1.CWKTVSKS_RPTFILE_WRITE_01.00006: RPTFILE assertion" name="RPTFILE"/>
  </testsuite>
  <testsuite errors="0" failures="3" name="ccLaunchTest.CWKTVSKS_Scenario.00001: CWKTVSKSCase1.CWKTVSKS_RPTFILE_WRITE_01.00007: RPTFILE assertion" tests="11">
    <testcase classname="ccLaunchTest.CWKTVSKS_Scenario.00001: CWKTVSKSCase1.CWKTVSKS_RPTFILE_WRITE_01.00007: RPTFILE assertion" name="00001: Check for FILLER1"/>
    <testcase classname="ccLaunchTest.CWKTVSKS_Scenario.00001: CWKTVSKSCase1.CWKTVSKS_RPTFILE_WRITE_01.00007: RPTFILE assertion" name="00002: Check for FILLER3"/>
  </testsuite>
  <testsuite errors="0" failures="3" name="ccLaunchTest.CWKTVSKS_Scenario.00001: CWKTVSKSCase1.CWKTVSKS_RPTFILE_WRITE_01.00008: RPTFILE assertion" tests="20">
    <testcase classname="ccLaunchTest.CWKTVSKS_Scenario.00001: CWKTVSKSCase1.CWKTVSKS_RPTFILE_WRITE_01.00008: RPTFILE assertion" name="00001: Check for FILLER1"/>
    <testcase classname="ccLaunchTest.CWKTVSKS_Scenario.00001: CWKTVSKSCase1.CWKTVSKS_RPTFILE_WRITE_01.00008: RPTFILE assertion" name="00002: Check for FILLER3"/>
    <testcase classname="ccLaunchTest.CWKTVSKS_Scenario.00001: CWKTVSKSCase1.CWKTVSKS_RPTFILE_WRITE_01.00008: RPTFILE assertion" name="00003: Check for FILLER5"/>
    <testcase classname="ccLaunchTest.CWKTVSKS_Scenario.00001: CWKTVSKSCase1.CWKTVSKS_RPTFILE_WRITE_01.00008: RPTFILE assertion" name="00004: Check for FILLER7"/>
    <testcase classname="ccLaunchTest.CWKTVSKS_Scenario.00001: CWKTVSKSCase1.CWKTVSKS_RPTFILE_WRITE_01.00008: RPTFILE assertion" name="00005: Check for FILLER9"/>
    <testcase classname="ccLaunchTest.CWKTVSKS_Scenario.00001: CWKTVSKSCase1.CWKTVSKS_RPTFILE_WRITE_01.00008: RPTFILE assertion" name="00006: Check for FILLER11"/>
    <testcase classname="ccLaunchTest.CWKTVSKS_Scenario.00001: CWKTVSKSCase1.CWKTVSKS_RPTFILE_WRITE_01.00008: RPTFILE assertion" name="00007: Check for FILLER13"/>
    <testcase classname="ccLaunchTest.CWKTVSKS_Scenario.00001: CWKTVSKSCase1.CWKTVSKS_RPTFILE_WRITE_01.00008: RPTFILE assertion" name="00008: Check for FILLER15"/>
    <testcase classname="ccLaunchTest.CWKTVSKS_Scenario.00001: CWKTVSKSCase1.CWKTVSKS_RPTFILE_WRITE_01.00008: RPTFILE assertion" name="00009: Check for FILLER17"/>
  </testsuite>
  <testsuite errors="0" failures="3" name="ccLaunchTest.CWKTVSKS_Scenario.00001: CWKTVSKSCase1.CWKTVSKS_RPTFILE_WRITE_01.00009: RPTFILE assertion" tests="20">
    <testcase classname="ccLaunchTest.CWKTVSKS_Scenario.00001: CWKTVSKSCase1.CWKTVSKS_RPTFILE_WRITE_01.00009: RPTFILE assertion" name="RPTFILE"/>
  </testsuite>
  <testsuite errors="0" failures="4" name="ccLaunchTest.CWKTVSKS_Scenario.00001: CWKTVSKSCase1.CWKTVSKS_RPTFILE_WRITE_01.00010: RPTFILE assertion" tests="33">
    <testcase classname="ccLaunchTest.CWKTVSKS_Scenario.00001: CWKTVSKSCase1.CWKTVSKS_RPTFILE_WRITE_01.00010: RPTFILE assertion" name="00001: Check for EMP_DTL_NAME"/>
    <testcase classname="ccLaunchTest.CWKTVSKS_Scenario.00001: CWKTVSKSCase1.CWKTVSKS_RPTFILE_WRITE_01.00010: RPTFILE assertion" name="00002: Check for EMP_DTL_REGION"/>
    <testcase classname="ccLaunchTest.CWKTVSKS_Scenario.00001: CWKTVSKSCase1.CWKTVSKS_RPTFILE_WRITE_01.00010: RPTFILE assertion" name="00003: Check for EMP_DTL_TYPE"/>
    <testcase classname="ccLaunchTest.CWKTVSKS_Scenario.00001: CWKTVSKSCase1.CWKTVSKS_RPTFILE_WRITE_01.00010: RPTFILE assertion" name="00004: Check for EMP_DTL_HIRE_MM"/>
    <testcase classname="ccLaunchTest.CWKTVSKS_Scenario.00001: CWKTVSKSCase1.CWKTVSKS_RPTFILE_WRITE_01.00010: RPTFILE assertion" name="00005: Check for EMP_DTL_SLASH1"/>
    <testcase classname="ccLaunchTest.CWKTVSKS_Scenario.00001: CWKTVSKSCase1.CWKTVSKS_RPTFILE_WRITE_01.00010: RPTFILE assertion" name="00006: Check for EMP_DTL_HIRE_DD"/>
    <testcase classname="ccLaunchTest.CWKTVSKS_Scenario.00001: CWKTVSKSCase1.CWKTVSKS_RPTFILE_WRITE_01.00010: RPTFILE assertion" name="00007: Check for EMP_DTL_SLASH2"/>
    <testcase classname="ccLaunchTest.CWKTVSKS_Scenario.00001: CWKTVSKSCase1.CWKTVSKS_RPTFILE_WRITE_01.00010: RPTFILE assertion" name="00008: Check for EMP_DTL_HIRE_YY"/>
    <testcase classname="ccLaunchTest.CWKTVSKS_Scenario.00001: CWKTVSKSCase1.CWKTVSKS_RPTFILE_WRITE_01.00010: RPTFILE assertion" name="00009: Check for EMP_DTL_YRS_OF_SERVICE">
      <failure>Check for EMP_DTL_YRS_OF_SERVICE failed

Actual Value:    37

Expected Value:  36</failure>
    </testcase>
    <testcase classname="ccLaunchTest.CWKTVSKS_Scenario.00001: CWKTVSKSCase1.CWKTVSKS_RPTFILE_WRITE_01.00010: RPTFILE assertion" name="00010: Check for EMP_DTL_WAGES"/>
    <testcase classname="ccLaunchTest.CWKTVSKS_Scenario.00001: CWKTVSKSCase1.CWKTVSKS_RPTFILE_WRITE_01.00010: RPTFILE assertion" name="00011: Check for EMP_DTL_OT"/>
    <testcase classname="ccLaunchTest.CWKTVSKS_Scenario.00001: CWKTVSKSCase1.CWKTVSKS_RPTFILE_WRITE_01.00010: RPTFILE assertion" name="00012: Check for EMP_DTL_COMM"/>
    <testcase classname="ccLaunchTest.CWKTVSKS_Scenario.00001: CWKTVSKSCase1.CWKTVSKS_RPTFILE_WRITE_01.00010: RPTFILE assertion" name="00013: Check for EMP_DTL_TOTAL"/>
  </testsuite>
  <testsuite errors="0" failures="5" name="ccLaunchTest.CWKTVSKS_Scenario.00001: CWKTVSKSCase1.CWKTVSKS_RPTFILE_WRITE_01.00011: RPTFILE assertion" tests="46">
    <testcase classname="ccLaunchTest.CWKTVSKS_Scenario.00001: CWKTVSKSCase1.CWKTVSKS_RPTFILE_WRITE_01.00011: RPTFILE assertion" name="00001: Check for EMP_DTL_NAME"/>
    <testcase classname="ccLaunchTest.CWKTVSKS_Scenario.00001: CWKTVSKSCase1.CWKTVSKS_RPTFILE_WRITE_01.00011: RPTFILE assertion" name="00002: Check for EMP_DTL_REGION"/>
    <testcase classname="ccLaunchTest.CWKTVSKS_Scenario.00001: CWKTVSKSCase1.CWKTVSKS_RPTFILE_WRITE_01.00011: RPTFILE assertion" name="00003: Check for EMP_DTL_TYPE"/>
    <testcase classname="ccLaunchTest.CWKTVSKS_Scenario.00001: CWKTVSKSCase1.CWKTVSKS_RPTFILE_WRITE_01.00011: RPTFILE assertion" name="00004: Check for EMP_DTL_HIRE_MM"/>
    <testcase classname="ccLaunchTest.CWKTVSKS_Scenario.00001: CWKTVSKSCase1.CWKTVSKS_RPTFILE_WRITE_01.00011: RPTFILE assertion" name="00005: Check for EMP_DTL_SLASH1"/>
    <testcase classname="ccLaunchTest.CWKTVSKS_Scenario.00001: CWKTVSKSCase1.CWKTVSKS_RPTFILE_WRITE_01.00011: RPTFILE assertion" name="00006: Check for EMP_DTL_HIRE_DD"/>
    <testcase classname="ccLaunchTest.CWKTVSKS_Scenario.00001: CWKTVSKSCase1.CWKTVSKS_RPTFILE_WRITE_01.00011: RPTFILE assertion" name="00007: Check for EMP_DTL_SLASH2"/>
    <testcase classname="ccLaunchTest.CWKTVSKS_Scenario.00001: CWKTVSKSCase1.CWKTVSKS_RPTFILE_WRITE_01.00011: RPTFILE assertion" name="00008: Check for EMP_DTL_HIRE_YY"/>
    <testcase classname="ccLaunchTest.CWKTVSKS_Scenario.00001: CWKTVSKSCase1.CWKTVSKS_RPTFILE_WRITE_01.00011: RPTFILE assertion" name="00009: Check for EMP_DTL_YRS_OF_SERVICE">
      <failure>Check for EMP_DTL_YRS_OF_SERVICE failed

Actual Value:    34

Expected Value:  33</failure>
    </testcase>
    <testcase classname="ccLaunchTest.CWKTVSKS_Scenario.00001: CWKTVSKSCase1.CWKTVSKS_RPTFILE_WRITE_01.00011: RPTFILE assertion" name="00010: Check for EMP_DTL_WAGES"/>
    <testcase classname="ccLaunchTest.CWKTVSKS_Scenario.00001: CWKTVSKSCase1.CWKTVSKS_RPTFILE_WRITE_01.00011: RPTFILE assertion" name="00011: Check for EMP_DTL_OT"/>
    <testcase classname="ccLaunchTest.CWKTVSKS_Scenario.00001: CWKTVSKSCase1.CWKTVSKS_RPTFILE_WRITE_01.00011: RPTFILE assertion" name="00012: Check for EMP_DTL_COMM"/>
    <testcase classname="ccLaunchTest.CWKTVSKS_Scenario.00001: CWKTVSKSCase1.CWKTVSKS_RPTFILE_WRITE_01.00011: RPTFILE assertion" name="00013: Check for EMP_DTL_TOTAL"/>
  </testsuite>
  <testsuite errors="0" failures="6" name="ccLaunchTest.CWKTVSKS_Scenario.00001: CWKTVSKSCase1.CWKTVSKS_RPTFILE_WRITE_01.00012: RPTFILE assertion" tests="59">
    <testcase classname="ccLaunchTest.CWKTVSKS_Scenario.00001: CWKTVSKSCase1.CWKTVSKS_RPTFILE_WRITE_01.00012: RPTFILE assertion" name="00001: Check for EMP_DTL_NAME"/>
    <testcase classname="ccLaunchTest.CWKTVSKS_Scenario.00001: CWKTVSKSCase1.CWKTVSKS_RPTFILE_WRITE_01.00012: RPTFILE assertion" name="00002: Check for EMP_DTL_REGION"/>
    <testcase classname="ccLaunchTest.CWKTVSKS_Scenario.00001: CWKTVSKSCase1.CWKTVSKS_RPTFILE_WRITE_01.00012: RPTFILE assertion" name="00003: Check for EMP_DTL_TYPE"/>
    <testcase classname="ccLaunchTest.CWKTVSKS_Scenario.00001: CWKTVSKSCase1.CWKTVSKS_RPTFILE_WRITE_01.00012: RPTFILE assertion" name="00004: Check for EMP_DTL_HIRE_MM"/>
    <testcase classname="ccLaunchTest.CWKTVSKS_Scenario.00001: CWKTVSKSCase1.CWKTVSKS_RPTFILE_WRITE_01.00012: RPTFILE assertion" name="00005: Check for EMP_DTL_SLASH1"/>
    <testcase classname="ccLaunchTest.CWKTVSKS_Scenario.00001: CWKTVSKSCase1.CWKTVSKS_RPTFILE_WRITE_01.00012: RPTFILE assertion" name="00006: Check for EMP_DTL_HIRE_DD"/>
    <testcase classname="ccLaunchTest.CWKTVSKS_Scenario.00001: CWKTVSKSCase1.CWKTVSKS_RPTFILE_WRITE_01.00012: RPTFILE assertion" name="00007: Check for EMP_DTL_SLASH2"/>
    <testcase classname="ccLaunchTest.CWKTVSKS_Scenario.00001: CWKTVSKSCase1.CWKTVSKS_RPTFILE_WRITE_01.00012: RPTFILE assertion" name="00008: Check for EMP_DTL_HIRE_YY"/>
    <testcase classname="ccLaunchTest.CWKTVSKS_Scenario.00001: CWKTVSKSCase1.CWKTVSKS_RPTFILE_WRITE_01.00012: RPTFILE assertion" name="00009: Check for EMP_DTL_YRS_OF_SERVICE">
      <failure>Check for EMP_DTL_YRS_OF_SERVICE failed

Actual Value:    33

Expected Value:  32</failure>
    </testcase>
    <testcase classname="ccLaunchTest.CWKTVSKS_Scenario.00001: CWKTVSKSCase1.CWKTVSKS_RPTFILE_WRITE_01.00012: RPTFILE assertion" name="00010: Check for EMP_DTL_WAGES"/>
    <testcase classname="ccLaunchTest.CWKTVSKS_Scenario.00001: CWKTVSKSCase1.CWKTVSKS_RPTFILE_WRITE_01.00012: RPTFILE assertion" name="00011: Check for EMP_DTL_OT"/>
    <testcase classname="ccLaunchTest.CWKTVSKS_Scenario.00001: CWKTVSKSCase1.CWKTVSKS_RPTFILE_WRITE_01.00012: RPTFILE assertion" name="00012: Check for EMP_DTL_COMM"/>
    <testcase classname="ccLaunchTest.CWKTVSKS_Scenario.00001: CWKTVSKSCase1.CWKTVSKS_RPTFILE_WRITE_01.00012: RPTFILE assertion" name="00013: Check for EMP_DTL_TOTAL"/>
  </testsuite>
  <testsuite errors="0" failures="7" name="ccLaunchTest.CWKTVSKS_Scenario.00001: CWKTVSKSCase1.CWKTVSKS_RPTFILE_WRITE_01.00013: RPTFILE assertion" tests="72">
    <testcase classname="ccLaunchTest.CWKTVSKS_Scenario.00001: CWKTVSKSCase1.CWKTVSKS_RPTFILE_WRITE_01.00013: RPTFILE assertion" name="00001: Check for EMP_DTL_NAME"/>
    <testcase classname="ccLaunchTest.CWKTVSKS_Scenario.00001: CWKTVSKSCase1.CWKTVSKS_RPTFILE_WRITE_01.00013: RPTFILE assertion" name="00002: Check for EMP_DTL_REGION"/>
    <testcase classname="ccLaunchTest.CWKTVSKS_Scenario.00001: CWKTVSKSCase1.CWKTVSKS_RPTFILE_WRITE_01.00013: RPTFILE assertion" name="00003: Check for EMP_DTL_TYPE"/>
    <testcase classname="ccLaunchTest.CWKTVSKS_Scenario.00001: CWKTVSKSCase1.CWKTVSKS_RPTFILE_WRITE_01.00013: RPTFILE assertion" name="00004: Check for EMP_DTL_HIRE_MM"/>
    <testcase classname="ccLaunchTest.CWKTVSKS_Scenario.00001: CWKTVSKSCase1.CWKTVSKS_RPTFILE_WRITE_01.00013: RPTFILE assertion" name="00005: Check for EMP_DTL_SLASH1"/>
    <testcase classname="ccLaunchTest.CWKTVSKS_Scenario.00001: CWKTVSKSCase1.CWKTVSKS_RPTFILE_WRITE_01.00013: RPTFILE assertion" name="00006: Check for EMP_DTL_HIRE_DD"/>
    <testcase classname="ccLaunchTest.CWKTVSKS_Scenario.00001: CWKTVSKSCase1.CWKTVSKS_RPTFILE_WRITE_01.00013: RPTFILE assertion" name="00007: Check for EMP_DTL_SLASH2"/>
    <testcase classname="ccLaunchTest.CWKTVSKS_Scenario.00001: CWKTVSKSCase1.CWKTVSKS_RPTFILE_WRITE_01.00013: RPTFILE assertion" name="00008: Check for EMP_DTL_HIRE_YY"/>
    <testcase classname="ccLaunchTest.CWKTVSKS_Scenario.00001: CWKTVSKSCase1.CWKTVSKS_RPTFILE_WRITE_01.00013: RPTFILE assertion" name="00009: Check for EMP_DTL_YRS_OF_SERVICE">
      <failure>Check for EMP_DTL_YRS_OF_SERVICE failed

Actual Value:    33

Expected Value:  32</failure>
    </testcase>
    <testcase classname="ccLaunchTest.CWKTVSKS_Scenario.00001: CWKTVSKSCase1.CWKTVSKS_RPTFILE_WRITE_01.00013: RPTFILE assertion" name="00010: Check for EMP_DTL_WAGES"/>
    <testcase classname="ccLaunchTest.CWKTVSKS_Scenario.00001: CWKTVSKSCase1.CWKTVSKS_RPTFILE_WRITE_01.00013: RPTFILE assertion" name="00011: Check for EMP_DTL_OT"/>
    <testcase classname="ccLaunchTest.CWKTVSKS_Scenario.00001: CWKTVSKSCase1.CWKTVSKS_RPTFILE_WRITE_01.00013: RPTFILE assertion" name="00012: Check for EMP_DTL_COMM"/>
    <testcase classname="ccLaunchTest.CWKTVSKS_Scenario.00001: CWKTVSKSCase1.CWKTVSKS_RPTFILE_WRITE_01.00013: RPTFILE assertion" name="00013: Check for EMP_DTL_TOTAL"/>
  </testsuite>
  <testsuite errors="0" failures="8" name="ccLaunchTest.CWKTVSKS_Scenario.00001: CWKTVSKSCase1.CWKTVSKS_RPTFILE_WRITE_01.00014: RPTFILE assertion" tests="85">
    <testcase classname="ccLaunchTest.CWKTVSKS_Scenario.00001: CWKTVSKSCase1.CWKTVSKS_RPTFILE_WRITE_01.00014: RPTFILE assertion" name="00001: Check for EMP_DTL_NAME"/>
    <testcase classname="ccLaunchTest.CWKTVSKS_Scenario.00001: CWKTVSKSCase1.CWKTVSKS_RPTFILE_WRITE_01.00014: RPTFILE assertion" name="00002: Check for EMP_DTL_REGION"/>
    <testcase classname="ccLaunchTest.CWKTVSKS_Scenario.00001: CWKTVSKSCase1.CWKTVSKS_RPTFILE_WRITE_01.00014: RPTFILE assertion" name="00003: Check for EMP_DTL_TYPE"/>
    <testcase classname="ccLaunchTest.CWKTVSKS_Scenario.00001: CWKTVSKSCase1.CWKTVSKS_RPTFILE_WRITE_01.00014: RPTFILE assertion" name="00004: Check for EMP_DTL_HIRE_MM"/>
    <testcase classname="ccLaunchTest.CWKTVSKS_Scenario.00001: CWKTVSKSCase1.CWKTVSKS_RPTFILE_WRITE_01.00014: RPTFILE assertion" name="00005: Check for EMP_DTL_SLASH1"/>
    <testcase classname="ccLaunchTest.CWKTVSKS_Scenario.00001: CWKTVSKSCase1.CWKTVSKS_RPTFILE_WRITE_01.00014: RPTFILE assertion" name="00006: Check for EMP_DTL_HIRE_DD"/>
    <testcase classname="ccLaunchTest.CWKTVSKS_Scenario.00001: CWKTVSKSCase1.CWKTVSKS_RPTFILE_WRITE_01.00014: RPTFILE assertion" name="00007: Check for EMP_DTL_SLASH2"/>
    <testcase classname="ccLaunchTest.CWKTVSKS_Scenario.00001: CWKTVSKSCase1.CWKTVSKS_RPTFILE_WRITE_01.00014: RPTFILE assertion" name="00008: Check for EMP_DTL_HIRE_YY"/>
    <testcase classname="ccLaunchTest.CWKTVSKS_Scenario.00001: CWKTVSKSCase1.CWKTVSKS_RPTFILE_WRITE_01.00014: RPTFILE assertion" name="00009: Check for EMP_DTL_YRS_OF_SERVICE">
      <failure>Check for EMP_DTL_YRS_OF_SERVICE failed

Actual Value:    27

Expected Value:  26</failure>
    </testcase>
    <testcase classname="ccLaunchTest.CWKTVSKS_Scenario.00001: CWKTVSKSCase1.CWKTVSKS_RPTFILE_WRITE_01.00014: RPTFILE assertion" name="00010: Check for EMP_DTL_WAGES"/>
    <testcase classname="ccLaunchTest.CWKTVSKS_Scenario.00001: CWKTVSKSCase1.CWKTVSKS_RPTFILE_WRITE_01.00014: RPTFILE assertion" name="00011: Check for EMP_DTL_OT"/>
    <testcase classname="ccLaunchTest.CWKTVSKS_Scenario.00001: CWKTVSKSCase1.CWKTVSKS_RPTFILE_WRITE_01.00014: RPTFILE assertion" name="00012: Check for EMP_DTL_COMM"/>
    <testcase classname="ccLaunchTest.CWKTVSKS_Scenario.00001: CWKTVSKSCase1.CWKTVSKS_RPTFILE_WRITE_01.00014: RPTFILE assertion" name="00013: Check for EMP_DTL_TOTAL"/>
  </testsuite>
  <testsuite errors="0" failures="8" name="ccLaunchTest.CWKTVSKS_Scenario.00001: CWKTVSKSCase1.CWKTVSKS_RPTFILE_WRITE_01.00015: RPTFILE assertion" tests="98">
    <testcase classname="ccLaunchTest.CWKTVSKS_Scenario.00001: CWKTVSKSCase1.CWKTVSKS_RPTFILE_WRITE_01.00015: RPTFILE assertion" name="00001: Check for EMP_DTL_NAME"/>
    <testcase classname="ccLaunchTest.CWKTVSKS_Scenario.00001: CWKTVSKSCase1.CWKTVSKS_RPTFILE_WRITE_01.00015: RPTFILE assertion" name="00002: Check for EMP_DTL_REGION"/>
    <testcase classname="ccLaunchTest.CWKTVSKS_Scenario.00001: CWKTVSKSCase1.CWKTVSKS_RPTFILE_WRITE_01.00015: RPTFILE assertion" name="00003: Check for EMP_DTL_TYPE"/>
    <testcase classname="ccLaunchTest.CWKTVSKS_Scenario.00001: CWKTVSKSCase1.CWKTVSKS_RPTFILE_WRITE_01.00015: RPTFILE assertion" name="00004: Check for EMP_DTL_HIRE_MM"/>
    <testcase classname="ccLaunchTest.CWKTVSKS_Scenario.00001: CWKTVSKSCase1.CWKTVSKS_RPTFILE_WRITE_01.00015: RPTFILE assertion" name="00005: Check for EMP_DTL_SLASH1"/>
    <testcase classname="ccLaunchTest.CWKTVSKS_Scenario.00001: CWKTVSKSCase1.CWKTVSKS_RPTFILE_WRITE_01.00015: RPTFILE assertion" name="00006: Check for EMP_DTL_HIRE_DD"/>
    <testcase classname="ccLaunchTest.CWKTVSKS_Scenario.00001: CWKTVSKSCase1.CWKTVSKS_RPTFILE_WRITE_01.00015: RPTFILE assertion" name="00007: Check for EMP_DTL_SLASH2"/>
    <testcase classname="ccLaunchTest.CWKTVSKS_Scenario.00001: CWKTVSKSCase1.CWKTVSKS_RPTFILE_WRITE_01.00015: RPTFILE assertion" name="00008: Check for EMP_DTL_HIRE_YY"/>
    <testcase classname="ccLaunchTest.CWKTVSKS_Scenario.00001: CWKTVSKSCase1.CWKTVSKS_RPTFILE_WRITE_01.00015: RPTFILE assertion" name="00009: Check for EMP_DTL_YRS_OF_SERVICE"/>
    <testcase classname="ccLaunchTest.CWKTVSKS_Scenario.00001: CWKTVSKSCase1.CWKTVSKS_RPTFILE_WRITE_01.00015: RPTFILE assertion" name="00010: Check for EMP_DTL_WAGES"/>
    <testcase classname="ccLaunchTest.CWKTVSKS_Scenario.00001: CWKTVSKSCase1.CWKTVSKS_RPTFILE_WRITE_01.00015: RPTFILE assertion" name="00011: Check for EMP_DTL_OT"/>
    <testcase classname="ccLaunchTest.CWKTVSKS_Scenario.00001: CWKTVSKSCase1.CWKTVSKS_RPTFILE_WRITE_01.00015: RPTFILE assertion" name="00012: Check for EMP_DTL_COMM"/>
    <testcase classname="ccLaunchTest.CWKTVSKS_Scenario.00001: CWKTVSKSCase1.CWKTVSKS_RPTFILE_WRITE_01.00015: RPTFILE assertion" name="00013: Check for EMP_DTL_TOTAL"/>
  </testsuite>
  <testsuite errors="0" failures="9" name="ccLaunchTest.CWKTVSKS_Scenario.00001: CWKTVSKSCase1.CWKTVSKS_RPTFILE_WRITE_01.00016: RPTFILE assertion" tests="111">
    <testcase classname="ccLaunchTest.CWKTVSKS_Scenario.00001: CWKTVSKSCase1.CWKTVSKS_RPTFILE_WRITE_01.00016: RPTFILE assertion" name="00001: Check for EMP_DTL_NAME"/>
    <testcase classname="ccLaunchTest.CWKTVSKS_Scenario.00001: CWKTVSKSCase1.CWKTVSKS_RPTFILE_WRITE_01.00016: RPTFILE assertion" name="00002: Check for EMP_DTL_REGION"/>
    <testcase classname="ccLaunchTest.CWKTVSKS_Scenario.00001: CWKTVSKSCase1.CWKTVSKS_RPTFILE_WRITE_01.00016: RPTFILE assertion" name="00003: Check for EMP_DTL_TYPE"/>
    <testcase classname="ccLaunchTest.CWKTVSKS_Scenario.00001: CWKTVSKSCase1.CWKTVSKS_RPTFILE_WRITE_01.00016: RPTFILE assertion" name="00004: Check for EMP_DTL_HIRE_MM"/>
    <testcase classname="ccLaunchTest.CWKTVSKS_Scenario.00001: CWKTVSKSCase1.CWKTVSKS_RPTFILE_WRITE_01.00016: RPTFILE assertion" name="00005: Check for EMP_DTL_SLASH1"/>
    <testcase classname="ccLaunchTest.CWKTVSKS_Scenario.00001: CWKTVSKSCase1.CWKTVSKS_RPTFILE_WRITE_01.00016: RPTFILE assertion" name="00006: Check for EMP_DTL_HIRE_DD"/>
    <testcase classname="ccLaunchTest.CWKTVSKS_Scenario.00001: CWKTVSKSCase1.CWKTVSKS_RPTFILE_WRITE_01.00016: RPTFILE assertion" name="00007: Check for EMP_DTL_SLASH2"/>
    <testcase classname="ccLaunchTest.CWKTVSKS_Scenario.00001: CWKTVSKSCase1.CWKTVSKS_RPTFILE_WRITE_01.00016: RPTFILE assertion" name="00008: Check for EMP_DTL_HIRE_YY"/>
    <testcase classname="ccLaunchTest.CWKTVSKS_Scenario.00001: CWKTVSKSCase1.CWKTVSKS_RPTFILE_WRITE_01.00016: RPTFILE assertion" name="00009: Check for EMP_DTL_YRS_OF_SERVICE">
      <failure>Check for EMP_DTL_YRS_OF_SERVICE failed

Actual Value:    33

Expected Value:  32</failure>
    </testcase>
    <testcase classname="ccLaunchTest.CWKTVSKS_Scenario.00001: CWKTVSKSCase1.CWKTVSKS_RPTFILE_WRITE_01.00016: RPTFILE assertion" name="00010: Check for EMP_DTL_WAGES"/>
    <testcase classname="ccLaunchTest.CWKTVSKS_Scenario.00001: CWKTVSKSCase1.CWKTVSKS_RPTFILE_WRITE_01.00016: RPTFILE assertion" name="00011: Check for EMP_DTL_OT"/>
    <testcase classname="ccLaunchTest.CWKTVSKS_Scenario.00001: CWKTVSKSCase1.CWKTVSKS_RPTFILE_WRITE_01.00016: RPTFILE assertion" name="00012: Check for EMP_DTL_COMM"/>
    <testcase classname="ccLaunchTest.CWKTVSKS_Scenario.00001: CWKTVSKSCase1.CWKTVSKS_RPTFILE_WRITE_01.00016: RPTFILE assertion" name="00013: Check for EMP_DTL_TOTAL"/>
  </testsuite>
  <testsuite errors="0" failures="10" name="ccLaunchTest.CWKTVSKS_Scenario.00001: CWKTVSKSCase1.CWKTVSKS_RPTFILE_WRITE_01.00017: RPTFILE assertion" tests="124">
    <testcase classname="ccLaunchTest.CWKTVSKS_Scenario.00001: CWKTVSKSCase1.CWKTVSKS_RPTFILE_WRITE_01.00017: RPTFILE assertion" name="00001: Check for EMP_DTL_NAME"/>
    <testcase classname="ccLaunchTest.CWKTVSKS_Scenario.00001: CWKTVSKSCase1.CWKTVSKS_RPTFILE_WRITE_01.00017: RPTFILE assertion" name="00002: Check for EMP_DTL_REGION"/>
    <testcase classname="ccLaunchTest.CWKTVSKS_Scenario.00001: CWKTVSKSCase1.CWKTVSKS_RPTFILE_WRITE_01.00017: RPTFILE assertion" name="00003: Check for EMP_DTL_TYPE"/>
    <testcase classname="ccLaunchTest.CWKTVSKS_Scenario.00001: CWKTVSKSCase1.CWKTVSKS_RPTFILE_WRITE_01.00017: RPTFILE assertion" name="00004: Check for EMP_DTL_HIRE_MM"/>
    <testcase classname="ccLaunchTest.CWKTVSKS_Scenario.00001: CWKTVSKSCase1.CWKTVSKS_RPTFILE_WRITE_01.00017: RPTFILE assertion" name="00005: Check for EMP_DTL_SLASH1"/>
    <testcase classname="ccLaunchTest.CWKTVSKS_Scenario.00001: CWKTVSKSCase1.CWKTVSKS_RPTFILE_WRITE_01.00017: RPTFILE assertion" name="00006: Check for EMP_DTL_HIRE_DD"/>
    <testcase classname="ccLaunchTest.CWKTVSKS_Scenario.00001: CWKTVSKSCase1.CWKTVSKS_RPTFILE_WRITE_01.00017: RPTFILE assertion" name="00007: Check for EMP_DTL_SLASH2"/>
    <testcase classname="ccLaunchTest.CWKTVSKS_Scenario.00001: CWKTVSKSCase1.CWKTVSKS_RPTFILE_WRITE_01.00017: RPTFILE assertion" name="00008: Check for EMP_DTL_HIRE_YY"/>
    <testcase classname="ccLaunchTest.CWKTVSKS_Scenario.00001: CWKTVSKSCase1.CWKTVSKS_RPTFILE_WRITE_01.00017: RPTFILE assertion" name="00009: Check for EMP_DTL_YRS_OF_SERVICE">
      <failure>Check for EMP_DTL_YRS_OF_SERVICE failed

Actual Value:    56

Expected Value:  55</failure>
    </testcase>
    <testcase classname="ccLaunchTest.CWKTVSKS_Scenario.00001: CWKTVSKSCase1.CWKTVSKS_RPTFILE_WRITE_01.00017: RPTFILE assertion" name="00010: Check for EMP_DTL_WAGES"/>
    <testcase classname="ccLaunchTest.CWKTVSKS_Scenario.00001: CWKTVSKSCase1.CWKTVSKS_RPTFILE_WRITE_01.00017: RPTFILE assertion" name="00011: Check for EMP_DTL_OT"/>
    <testcase classname="ccLaunchTest.CWKTVSKS_Scenario.00001: CWKTVSKSCase1.CWKTVSKS_RPTFILE_WRITE_01.00017: RPTFILE assertion" name="00012: Check for EMP_DTL_COMM"/>
    <testcase classname="ccLaunchTest.CWKTVSKS_Scenario.00001: CWKTVSKSCase1.CWKTVSKS_RPTFILE_WRITE_01.00017: RPTFILE assertion" name="00013: Check for EMP_DTL_TOTAL"/>
  </testsuite>
  <testsuite errors="0" failures="11" name="ccLaunchTest.CWKTVSKS_Scenario.00001: CWKTVSKSCase1.CWKTVSKS_RPTFILE_WRITE_01.00018: RPTFILE assertion" tests="137">
    <testcase classname="ccLaunchTest.CWKTVSKS_Scenario.00001: CWKTVSKSCase1.CWKTVSKS_RPTFILE_WRITE_01.00018: RPTFILE assertion" name="00001: Check for EMP_DTL_NAME"/>
    <testcase classname="ccLaunchTest.CWKTVSKS_Scenario.00001: CWKTVSKSCase1.CWKTVSKS_RPTFILE_WRITE_01.00018: RPTFILE assertion" name="00002: Check for EMP_DTL_REGION"/>
    <testcase classname="ccLaunchTest.CWKTVSKS_Scenario.00001: CWKTVSKSCase1.CWKTVSKS_RPTFILE_WRITE_01.00018: RPTFILE assertion" name="00003: Check for EMP_DTL_TYPE"/>
    <testcase classname="ccLaunchTest.CWKTVSKS_Scenario.00001: CWKTVSKSCase1.CWKTVSKS_RPTFILE_WRITE_01.00018: RPTFILE assertion" name="00004: Check for EMP_DTL_HIRE_MM"/>
    <testcase classname="ccLaunchTest.CWKTVSKS_Scenario.00001: CWKTVSKSCase1.CWKTVSKS_RPTFILE_WRITE_01.00018: RPTFILE assertion" name="00005: Check for EMP_DTL_SLASH1"/>
    <testcase classname="ccLaunchTest.CWKTVSKS_Scenario.00001: CWKTVSKSCase1.CWKTVSKS_RPTFILE_WRITE_01.00018: RPTFILE assertion" name="00006: Check for EMP_DTL_HIRE_DD"/>
    <testcase classname="ccLaunchTest.CWKTVSKS_Scenario.00001: CWKTVSKSCase1.CWKTVSKS_RPTFILE_WRITE_01.00018: RPTFILE assertion" name="00007: Check for EMP_DTL_SLASH2"/>
    <testcase classname="ccLaunchTest.CWKTVSKS_Scenario.00001: CWKTVSKSCase1.CWKTVSKS_RPTFILE_WRITE_01.00018: RPTFILE assertion" name="00008: Check for EMP_DTL_HIRE_YY"/>
    <testcase classname="ccLaunchTest.CWKTVSKS_Scenario.00001: CWKTVSKSCase1.CWKTVSKS_RPTFILE_WRITE_01.00018: RPTFILE assertion" name="00009: Check for EMP_DTL_YRS_OF_SERVICE">
      <failure>Check for EMP_DTL_YRS_OF_SERVICE failed

Actual Value:    31

Expected Value:  30</failure>
    </testcase>
    <testcase classname="ccLaunchTest.CWKTVSKS_Scenario.00001: CWKTVSKSCase1.CWKTVSKS_RPTFILE_WRITE_01.00018: RPTFILE assertion" name="00010: Check for EMP_DTL_WAGES"/>
    <testcase classname="ccLaunchTest.CWKTVSKS_Scenario.00001: CWKTVSKSCase1.CWKTVSKS_RPTFILE_WRITE_01.00018: RPTFILE assertion" name="00011: Check for EMP_DTL_OT"/>
    <testcase classname="ccLaunchTest.CWKTVSKS_Scenario.00001: CWKTVSKSCase1.CWKTVSKS_RPTFILE_WRITE_01.00018: RPTFILE assertion" name="00012: Check for EMP_DTL_COMM"/>
    <testcase classname="ccLaunchTest.CWKTVSKS_Scenario.00001: CWKTVSKSCase1.CWKTVSKS_RPTFILE_WRITE_01.00018: RPTFILE assertion" name="00013: Check for EMP_DTL_TOTAL"/>
  </testsuite>
  <testsuite errors="0" failures="12" name="ccLaunchTest.CWKTVSKS_Scenario.00001: CWKTVSKSCase1.CWKTVSKS_RPTFILE_WRITE_01.00019: RPTFILE assertion" tests="150">
    <testcase classname="ccLaunchTest.CWKTVSKS_Scenario.00001: CWKTVSKSCase1.CWKTVSKS_RPTFILE_WRITE_01.00019: RPTFILE assertion" name="00001: Check for EMP_DTL_NAME"/>
    <testcase classname="ccLaunchTest.CWKTVSKS_Scenario.00001: CWKTVSKSCase1.CWKTVSKS_RPTFILE_WRITE_01.00019: RPTFILE assertion" name="00002: Check for EMP_DTL_REGION"/>
    <testcase classname="ccLaunchTest.CWKTVSKS_Scenario.00001: CWKTVSKSCase1.CWKTVSKS_RPTFILE_WRITE_01.00019: RPTFILE assertion" name="00003: Check for EMP_DTL_TYPE"/>
    <testcase classname="ccLaunchTest.CWKTVSKS_Scenario.00001: CWKTVSKSCase1.CWKTVSKS_RPTFILE_WRITE_01.00019: RPTFILE assertion" name="00004: Check for EMP_DTL_HIRE_MM"/>
    <testcase classname="ccLaunchTest.CWKTVSKS_Scenario.00001: CWKTVSKSCase1.CWKTVSKS_RPTFILE_WRITE_01.00019: RPTFILE assertion" name="00005: Check for EMP_DTL_SLASH1"/>
    <testcase classname="ccLaunchTest.CWKTVSKS_Scenario.00001: CWKTVSKSCase1.CWKTVSKS_RPTFILE_WRITE_01.00019: RPTFILE assertion" name="00006: Check for EMP_DTL_HIRE_DD"/>
    <testcase classname="ccLaunchTest.CWKTVSKS_Scenario.00001: CWKTVSKSCase1.CWKTVSKS_RPTFILE_WRITE_01.00019: RPTFILE assertion" name="00007: Check for EMP_DTL_SLASH2"/>
    <testcase classname="ccLaunchTest.CWKTVSKS_Scenario.00001: CWKTVSKSCase1.CWKTVSKS_RPTFILE_WRITE_01.00019: RPTFILE assertion" name="00008: Check for EMP_DTL_HIRE_YY"/>
    <testcase classname="ccLaunchTest.CWKTVSKS_Scenario.00001: CWKTVSKSCase1.CWKTVSKS_RPTFILE_WRITE_01.00019: RPTFILE assertion" name="00009: Check for EMP_DTL_YRS_OF_SERVICE">
      <failure>Check for EMP_DTL_YRS_OF_SERVICE failed

Actual Value:    32

Expected Value:  31</failure>
    </testcase>
    <testcase classname="ccLaunchTest.CWKTVSKS_Scenario.00001: CWKTVSKSCase1.CWKTVSKS_RPTFILE_WRITE_01.00019: RPTFILE assertion" name="00010: Check for EMP_DTL_WAGES"/>
    <testcase classname="ccLaunchTest.CWKTVSKS_Scenario.00001: CWKTVSKSCase1.CWKTVSKS_RPTFILE_WRITE_01.00019: RPTFILE assertion" name="00011: Check for EMP_DTL_OT"/>
    <testcase classname="ccLaunchTest.CWKTVSKS_Scenario.00001: CWKTVSKSCase1.CWKTVSKS_RPTFILE_WRITE_01.00019: RPTFILE assertion" name="00012: Check for EMP_DTL_COMM"/>
    <testcase classname="ccLaunchTest.CWKTVSKS_Scenario.00001: CWKTVSKSCase1.CWKTVSKS_RPTFILE_WRITE_01.00019: RPTFILE assertion" name="00013: Check for EMP_DTL_TOTAL"/>
  </testsuite>
  <testsuite errors="0" failures="13" name="ccLaunchTest.CWKTVSKS_Scenario.00001: CWKTVSKSCase1.CWKTVSKS_RPTFILE_WRITE_01.00020: RPTFILE assertion" tests="163">
    <testcase classname="ccLaunchTest.CWKTVSKS_Scenario.00001: CWKTVSKSCase1.CWKTVSKS_RPTFILE_WRITE_01.00020: RPTFILE assertion" name="00001: Check for EMP_DTL_NAME"/>
    <testcase classname="ccLaunchTest.CWKTVSKS_Scenario.00001: CWKTVSKSCase1.CWKTVSKS_RPTFILE_WRITE_01.00020: RPTFILE assertion" name="00002: Check for EMP_DTL_REGION"/>
    <testcase classname="ccLaunchTest.CWKTVSKS_Scenario.00001: CWKTVSKSCase1.CWKTVSKS_RPTFILE_WRITE_01.00020: RPTFILE assertion" name="00003: Check for EMP_DTL_TYPE"/>
    <testcase classname="ccLaunchTest.CWKTVSKS_Scenario.00001: CWKTVSKSCase1.CWKTVSKS_RPTFILE_WRITE_01.00020: RPTFILE assertion" name="00004: Check for EMP_DTL_HIRE_MM"/>
    <testcase classname="ccLaunchTest.CWKTVSKS_Scenario.00001: CWKTVSKSCase1.CWKTVSKS_RPTFILE_WRITE_01.00020: RPTFILE assertion" name="00005: Check for EMP_DTL_SLASH1"/>
    <testcase classname="ccLaunchTest.CWKTVSKS_Scenario.00001: CWKTVSKSCase1.CWKTVSKS_RPTFILE_WRITE_01.00020: RPTFILE assertion" name="00006: Check for EMP_DTL_HIRE_DD"/>
    <testcase classname="ccLaunchTest.CWKTVSKS_Scenario.00001: CWKTVSKSCase1.CWKTVSKS_RPTFILE_WRITE_01.00020: RPTFILE assertion" name="00007: Check for EMP_DTL_SLASH2"/>
    <testcase classname="ccLaunchTest.CWKTVSKS_Scenario.00001: CWKTVSKSCase1.CWKTVSKS_RPTFILE_WRITE_01.00020: RPTFILE assertion" name="00008: Check for EMP_DTL_HIRE_YY"/>
    <testcase classname="ccLaunchTest.CWKTVSKS_Scenario.00001: CWKTVSKSCase1.CWKTVSKS_RPTFILE_WRITE_01.00020: RPTFILE assertion" name="00009: Check for EMP_DTL_YRS_OF_SERVICE">
      <failure>Check for EMP_DTL_YRS_OF_SERVICE failed

Actual Value:    41

Expected Value:  40</failure>
    </testcase>
    <testcase classname="ccLaunchTest.CWKTVSKS_Scenario.00001: CWKTVSKSCase1.CWKTVSKS_RPTFILE_WRITE_01.00020: RPTFILE assertion" name="00010: Check for EMP_DTL_WAGES"/>
    <testcase classname="ccLaunchTest.CWKTVSKS_Scenario.00001: CWKTVSKSCase1.CWKTVSKS_RPTFILE_WRITE_01.00020: RPTFILE assertion" name="00011: Check for EMP_DTL_OT"/>
    <testcase classname="ccLaunchTest.CWKTVSKS_Scenario.00001: CWKTVSKSCase1.CWKTVSKS_RPTFILE_WRITE_01.00020: RPTFILE assertion" name="00012: Check for EMP_DTL_COMM"/>
    <testcase classname="ccLaunchTest.CWKTVSKS_Scenario.00001: CWKTVSKSCase1.CWKTVSKS_RPTFILE_WRITE_01.00020: RPTFILE assertion" name="00013: Check for EMP_DTL_TOTAL"/>
  </testsuite>
  <testsuite errors="0" failures="13" name="ccLaunchTest.CWKTVSKS_Scenario.00001: CWKTVSKSCase1.CWKTVSKS_RPTFILE_WRITE_01.00021: RPTFILE assertion" tests="163">
    <testcase classname="ccLaunchTest.CWKTVSKS_Scenario.00001: CWKTVSKSCase1.CWKTVSKS_RPTFILE_WRITE_01.00021: RPTFILE assertion" name="RPTFILE"/>
  </testsuite>
  <testsuite errors="0" failures="13" name="ccLaunchTest.CWKTVSKS_Scenario.00001: CWKTVSKSCase1.CWKTVSKS_RPTFILE_WRITE_01.00022: RPTFILE assertion" tests="165">
    <testcase classname="ccLaunchTest.CWKTVSKS_Scenario.00001: CWKTVSKSCase1.CWKTVSKS_RPTFILE_WRITE_01.00022: RPTFILE assertion" name="00001: Check for FILLER1"/>
    <testcase classname="ccLaunchTest.CWKTVSKS_Scenario.00001: CWKTVSKSCase1.CWKTVSKS_RPTFILE_WRITE_01.00022: RPTFILE assertion" name="00002: Check for EMP_GRAND_TOTAL"/>
  </testsuite>
</testsuites>